[debug] [2021-02-05T17:41:43.928Z] ----------------------------------------------------------------------
[debug] [2021-02-05T17:41:43.929Z] Command:       /usr/local/bin/node /Users/petermirm/.npm/bin/firebase emulators:start
[debug] [2021-02-05T17:41:43.930Z] CLI Version:   9.3.0
[debug] [2021-02-05T17:41:43.930Z] Platform:      darwin
[debug] [2021-02-05T17:41:43.930Z] Node Version:  v14.15.1
[debug] [2021-02-05T17:41:43.931Z] Time:          Fri Feb 05 2021 11:41:43 GMT-0600 (Central Standard Time)
[debug] [2021-02-05T17:41:43.931Z] ----------------------------------------------------------------------
[debug] [2021-02-05T17:41:43.931Z] 
[debug] [2021-02-05T17:41:43.938Z] > command requires scopes: ["email","openid","https://www.googleapis.com/auth/cloudplatformprojects.readonly","https://www.googleapis.com/auth/firebase","https://www.googleapis.com/auth/cloud-platform"]
[debug] [2021-02-05T17:41:43.938Z] > authorizing via signed-in user
[info] i  emulators: Starting emulators: functions, database, hosting {"metadata":{"emulator":{"name":"hub"},"message":"Starting emulators: functions, database, hosting"}}
[debug] [2021-02-05T17:41:43.956Z] [hub] writing locator at /var/folders/tb/0mzycsns50v23900h50pwpch0000gn/T/hub-vent-with-strangers-2acc6.json
[warn] ⚠  functions: The following emulators are not running, calls to these services from the Functions emulator will affect production: auth, firestore, pubsub {"metadata":{"emulator":{"name":"functions"},"message":"The following emulators are not running, calls to these services from the Functions emulator will affect production: \u001b[1mauth, firestore, pubsub\u001b[22m"}}
[warn] ⚠  Your requested "node" version "8" doesn't match your global version "14" {"metadata":{"emulator":{"name":"functions"},"message":"Your requested \"node\" version \"8\" doesn't match your global version \"14\""}}
[debug] [2021-02-05T17:41:44.001Z] defaultcredentials: writing to file /Users/petermirm/.config/firebase/peterm_ghostit_co_application_default_credentials.json
[debug] [2021-02-05T17:41:44.004Z] Setting GAC to /Users/petermirm/.config/firebase/peterm_ghostit_co_application_default_credentials.json {"metadata":{"emulator":{"name":"functions"},"message":"Setting GAC to /Users/petermirm/.config/firebase/peterm_ghostit_co_application_default_credentials.json"}}
[debug] [2021-02-05T17:41:44.007Z] >>> [apiv2][query] GET https://firebase.googleapis.com/v1beta1/projects/vent-with-strangers-2acc6/adminSdkConfig [none]
[debug] [2021-02-05T17:41:44.655Z] <<< [apiv2][status] GET https://firebase.googleapis.com/v1beta1/projects/vent-with-strangers-2acc6/adminSdkConfig 200
[debug] [2021-02-05T17:41:44.656Z] <<< [apiv2][body] GET https://firebase.googleapis.com/v1beta1/projects/vent-with-strangers-2acc6/adminSdkConfig {"projectId":"vent-with-strangers-2acc6","databaseURL":"https://vent-with-strangers-2acc6.firebaseio.com","storageBucket":"vent-with-strangers-2acc6.appspot.com","locationId":"us-central"}
[debug] [2021-02-05T17:41:44.687Z] database rules config:  [{"instance":"vent-with-strangers-2acc6","rules":"/Users/petermirm/Documents/dev_projects/vent_with_strangers_web/database.rules.json"}]
[debug] [2021-02-05T17:41:44.689Z] Ignoring unsupported arg: projectId {"metadata":{"emulator":{"name":"database"},"message":"Ignoring unsupported arg: projectId"}}
[debug] [2021-02-05T17:41:44.690Z] Ignoring unsupported arg: auto_download {"metadata":{"emulator":{"name":"database"},"message":"Ignoring unsupported arg: auto_download"}}
[debug] [2021-02-05T17:41:44.690Z] Ignoring unsupported arg: rules {"metadata":{"emulator":{"name":"database"},"message":"Ignoring unsupported arg: rules"}}
[debug] [2021-02-05T17:41:44.690Z] Starting Database Emulator with command {"binary":"java","args":["-Duser.language=en","-jar","/Users/petermirm/.cache/firebase/emulators/firebase-database-emulator-v4.7.2.jar","--host","localhost","--port",9000,"--functions_emulator_host","localhost","--functions_emulator_port",5001],"optionalArgs":["port","host","functions_emulator_port","functions_emulator_host"],"joinArgs":false} {"metadata":{"emulator":{"name":"database"},"message":"Starting Database Emulator with command {\"binary\":\"java\",\"args\":[\"-Duser.language=en\",\"-jar\",\"/Users/petermirm/.cache/firebase/emulators/firebase-database-emulator-v4.7.2.jar\",\"--host\",\"localhost\",\"--port\",9000,\"--functions_emulator_host\",\"localhost\",\"--functions_emulator_port\",5001],\"optionalArgs\":[\"port\",\"host\",\"functions_emulator_port\",\"functions_emulator_host\"],\"joinArgs\":false}"}}
[info] i  database: Database Emulator logging to database-debug.log {"metadata":{"emulator":{"name":"database"},"message":"Database Emulator logging to \u001b[1mdatabase-debug.log\u001b[22m"}}
[debug] [2021-02-05T17:41:46.370Z] WARNING: An illegal reflective access operation has occurred
WARNING: Illegal reflective access by io.netty.util.internal.ReflectionUtil (file:/Users/petermirm/.cache/firebase/emulators/firebase-database-emulator-v4.7.2.jar) to field sun.nio.ch.SelectorImpl.selectedKeys
WARNING: Please consider reporting this to the maintainers of io.netty.util.internal.ReflectionUtil
WARNING: Use --illegal-access=warn to enable warnings of further illegal reflective access operations
WARNING: All illegal access operations will be denied in a future release
 {"metadata":{"emulator":{"name":"database"},"message":"WARNING: An illegal reflective access operation has occurred\nWARNING: Illegal reflective access by io.netty.util.internal.ReflectionUtil (file:/Users/petermirm/.cache/firebase/emulators/firebase-database-emulator-v4.7.2.jar) to field sun.nio.ch.SelectorImpl.selectedKeys\nWARNING: Please consider reporting this to the maintainers of io.netty.util.internal.ReflectionUtil\nWARNING: Use --illegal-access=warn to enable warnings of further illegal reflective access operations\nWARNING: All illegal access operations will be denied in a future release\n"}}
[debug] [2021-02-05T17:41:47.233Z] 11:41:47.232 [NamespaceSystem-akka.actor.default-dispatcher-5] INFO akka.event.slf4j.Slf4jLogger - Slf4jLogger started
 {"metadata":{"emulator":{"name":"database"},"message":"11:41:47.232 [NamespaceSystem-akka.actor.default-dispatcher-5] INFO akka.event.slf4j.Slf4jLogger - Slf4jLogger started\n"}}
[debug] [2021-02-05T17:41:47.445Z] 11:41:47.445 [main] INFO com.firebase.server.forge.App$ - Listening at localhost:9000
 {"metadata":{"emulator":{"name":"database"},"message":"11:41:47.445 [main] INFO com.firebase.server.forge.App$ - Listening at localhost:9000\n"}}
[debug] [2021-02-05T17:41:47.784Z] >>> [apiv2][query] GET https://firebase.googleapis.com/v1beta1/projects/vent-with-strangers-2acc6/webApps/-/config [none]
[debug] [2021-02-05T17:41:48.833Z] <<< [apiv2][status] GET https://firebase.googleapis.com/v1beta1/projects/vent-with-strangers-2acc6/webApps/-/config 200
[debug] [2021-02-05T17:41:48.833Z] <<< [apiv2][body] GET https://firebase.googleapis.com/v1beta1/projects/vent-with-strangers-2acc6/webApps/-/config {"projectId":"vent-with-strangers-2acc6","appId":"1:440569980458:web:870c6bde68871e5fd78553","databaseURL":"https://vent-with-strangers-2acc6.firebaseio.com","storageBucket":"vent-with-strangers-2acc6.appspot.com","locationId":"us-central","apiKey":"AIzaSyCk8EfNyqarIzBAQSCFgU8634o-e0iA_Os","authDomain":"vent-with-strangers-2acc6.firebaseapp.com","messagingSenderId":"440569980458","measurementId":"G-N5NTVEZHSN"}
[info] i  hosting: Serving hosting files from: build {"metadata":{"emulator":{"name":"hosting"},"message":"Serving hosting files from: \u001b[1mbuild\u001b[22m"}}
[info] ✔  hosting: Local server: http://localhost:5000 {"metadata":{"emulator":{"name":"hosting"},"message":"Local server: \u001b[4m\u001b[1mhttp://localhost:5000\u001b[22m\u001b[24m"}}
[debug] [2021-02-05T17:41:49.146Z] Ignoring unsupported arg: auto_download {"metadata":{"emulator":{"name":"ui"},"message":"Ignoring unsupported arg: auto_download"}}
[debug] [2021-02-05T17:41:49.146Z] Ignoring unsupported arg: port {"metadata":{"emulator":{"name":"ui"},"message":"Ignoring unsupported arg: port"}}
[debug] [2021-02-05T17:41:49.146Z] Starting Emulator UI with command {"binary":"node","args":["/Users/petermirm/.cache/firebase/emulators/ui-v1.4.1/server.bundle.js"],"optionalArgs":[],"joinArgs":false} {"metadata":{"emulator":{"name":"ui"},"message":"Starting Emulator UI with command {\"binary\":\"node\",\"args\":[\"/Users/petermirm/.cache/firebase/emulators/ui-v1.4.1/server.bundle.js\"],\"optionalArgs\":[],\"joinArgs\":false}"}}
[info] i  ui: Emulator UI logging to ui-debug.log {"metadata":{"emulator":{"name":"ui"},"message":"Emulator UI logging to \u001b[1mui-debug.log\u001b[22m"}}
[debug] [2021-02-05T17:41:49.266Z] Web / API server started at http://localhost:4000
 {"metadata":{"emulator":{"name":"ui"},"message":"Web / API server started at http://localhost:4000\n"}}
[info] i  functions: Watching "/Users/petermirm/Documents/dev_projects/vent_with_strangers_web/functions" for Cloud Functions... {"metadata":{"emulator":{"name":"functions"},"message":"Watching \"/Users/petermirm/Documents/dev_projects/vent_with_strangers_web/functions\" for Cloud Functions..."}}
[debug] [2021-02-05T17:41:49.458Z] [worker-pool] addWorker(~diagnostic~) {"metadata":{"emulator":{"name":"functions"},"message":"[worker-pool] addWorker(~diagnostic~)"}}
[debug] [2021-02-05T17:41:49.459Z] [worker-pool] Adding worker with key ~diagnostic~, total=1 {"metadata":{"emulator":{"name":"functions"},"message":"[worker-pool] Adding worker with key ~diagnostic~, total=1"}}
[debug] [2021-02-05T17:41:49.459Z] [worker-pool] submitWork(triggerId=) {"metadata":{"emulator":{"name":"functions"},"message":"[worker-pool] submitWork(triggerId=)"}}
[debug] [2021-02-05T17:41:49.459Z] [worker-~diagnostic~-c95cd0d2-f05e-427f-9b73-a35f9eec8d69]: Assigning socketPath: /var/folders/tb/0mzycsns50v23900h50pwpch0000gn/T/fire_emu_90763.sock {"metadata":{"emulator":{"name":"functions"},"message":"[worker-~diagnostic~-c95cd0d2-f05e-427f-9b73-a35f9eec8d69]: Assigning socketPath: /var/folders/tb/0mzycsns50v23900h50pwpch0000gn/T/fire_emu_90763.sock"}}
[debug] [2021-02-05T17:41:49.460Z] [worker-~diagnostic~-c95cd0d2-f05e-427f-9b73-a35f9eec8d69]: BUSY {"metadata":{"emulator":{"name":"functions"},"message":"[worker-~diagnostic~-c95cd0d2-f05e-427f-9b73-a35f9eec8d69]: BUSY"}}
[debug] [2021-02-05T17:41:49.596Z] [runtime-status] [90763] Functions runtime initialized. {"cwd":"/Users/petermirm/Documents/dev_projects/vent_with_strangers_web/functions","node_version":"14.15.1"} {"metadata":{"emulator":{"name":"functions"},"message":"[runtime-status] [90763] Functions runtime initialized. {\"cwd\":\"/Users/petermirm/Documents/dev_projects/vent_with_strangers_web/functions\",\"node_version\":\"14.15.1\"}"}}
[debug] [2021-02-05T17:41:49.596Z] [runtime-status] [90763] Disabled runtime features: undefined {"metadata":{"emulator":{"name":"functions"},"message":"[runtime-status] [90763] Disabled runtime features: undefined"}}
[debug] [2021-02-05T17:41:49.598Z] [runtime-status] [90763] Resolved module firebase-admin {"declared":true,"installed":true,"version":"9.4.0","resolution":"/Users/petermirm/Documents/dev_projects/vent_with_strangers_web/functions/node_modules/firebase-admin/lib/index.js"} {"metadata":{"emulator":{"name":"functions"},"message":"[runtime-status] [90763] Resolved module firebase-admin {\"declared\":true,\"installed\":true,\"version\":\"9.4.0\",\"resolution\":\"/Users/petermirm/Documents/dev_projects/vent_with_strangers_web/functions/node_modules/firebase-admin/lib/index.js\"}"}}
[debug] [2021-02-05T17:41:49.599Z] [runtime-status] [90763] Resolved module firebase-functions {"declared":true,"installed":true,"version":"3.11.0","resolution":"/Users/petermirm/Documents/dev_projects/vent_with_strangers_web/functions/node_modules/firebase-functions/lib/index.js"} {"metadata":{"emulator":{"name":"functions"},"message":"[runtime-status] [90763] Resolved module firebase-functions {\"declared\":true,\"installed\":true,\"version\":\"3.11.0\",\"resolution\":\"/Users/petermirm/Documents/dev_projects/vent_with_strangers_web/functions/node_modules/firebase-functions/lib/index.js\"}"}}
[debug] [2021-02-05T17:41:49.600Z] [runtime-status] [90763] Resolved module firebase-functions {"declared":true,"installed":true,"version":"3.11.0","resolution":"/Users/petermirm/Documents/dev_projects/vent_with_strangers_web/functions/node_modules/firebase-functions/lib/index.js"} {"metadata":{"emulator":{"name":"functions"},"message":"[runtime-status] [90763] Resolved module firebase-functions {\"declared\":true,\"installed\":true,\"version\":\"3.11.0\",\"resolution\":\"/Users/petermirm/Documents/dev_projects/vent_with_strangers_web/functions/node_modules/firebase-functions/lib/index.js\"}"}}
[debug] [2021-02-05T17:41:49.601Z] [runtime-status] [90763] Outgoing network have been stubbed. [{"name":"http","status":"mocked"},{"name":"http","status":"mocked"},{"name":"https","status":"mocked"},{"name":"https","status":"mocked"},{"name":"net","status":"mocked"}] {"metadata":{"emulator":{"name":"functions"},"message":"[runtime-status] [90763] Outgoing network have been stubbed. [{\"name\":\"http\",\"status\":\"mocked\"},{\"name\":\"http\",\"status\":\"mocked\"},{\"name\":\"https\",\"status\":\"mocked\"},{\"name\":\"https\",\"status\":\"mocked\"},{\"name\":\"net\",\"status\":\"mocked\"}]"}}
[debug] [2021-02-05T17:41:49.601Z] [runtime-status] [90763] Resolved module firebase-functions {"declared":true,"installed":true,"version":"3.11.0","resolution":"/Users/petermirm/Documents/dev_projects/vent_with_strangers_web/functions/node_modules/firebase-functions/lib/index.js"} {"metadata":{"emulator":{"name":"functions"},"message":"[runtime-status] [90763] Resolved module firebase-functions {\"declared\":true,\"installed\":true,\"version\":\"3.11.0\",\"resolution\":\"/Users/petermirm/Documents/dev_projects/vent_with_strangers_web/functions/node_modules/firebase-functions/lib/index.js\"}"}}
[debug] [2021-02-05T17:41:49.628Z] [runtime-status] [90763] Checked functions.config() {"config":{}} {"metadata":{"emulator":{"name":"functions"},"message":"[runtime-status] [90763] Checked functions.config() {\"config\":{}}"}}
[debug] [2021-02-05T17:41:49.629Z] [runtime-status] [90763] firebase-functions has been stubbed. {"functionsResolution":{"declared":true,"installed":true,"version":"3.11.0","resolution":"/Users/petermirm/Documents/dev_projects/vent_with_strangers_web/functions/node_modules/firebase-functions/lib/index.js"}} {"metadata":{"emulator":{"name":"functions"},"message":"[runtime-status] [90763] firebase-functions has been stubbed. {\"functionsResolution\":{\"declared\":true,\"installed\":true,\"version\":\"3.11.0\",\"resolution\":\"/Users/petermirm/Documents/dev_projects/vent_with_strangers_web/functions/node_modules/firebase-functions/lib/index.js\"}}"}}
[debug] [2021-02-05T17:41:49.629Z] [runtime-status] [90763] Resolved module firebase-functions {"declared":true,"installed":true,"version":"3.11.0","resolution":"/Users/petermirm/Documents/dev_projects/vent_with_strangers_web/functions/node_modules/firebase-functions/lib/index.js"} {"metadata":{"emulator":{"name":"functions"},"message":"[runtime-status] [90763] Resolved module firebase-functions {\"declared\":true,\"installed\":true,\"version\":\"3.11.0\",\"resolution\":\"/Users/petermirm/Documents/dev_projects/vent_with_strangers_web/functions/node_modules/firebase-functions/lib/index.js\"}"}}
[debug] [2021-02-05T17:41:49.629Z] [runtime-status] [90763] Resolved module firebase-admin {"declared":true,"installed":true,"version":"9.4.0","resolution":"/Users/petermirm/Documents/dev_projects/vent_with_strangers_web/functions/node_modules/firebase-admin/lib/index.js"} {"metadata":{"emulator":{"name":"functions"},"message":"[runtime-status] [90763] Resolved module firebase-admin {\"declared\":true,\"installed\":true,\"version\":\"9.4.0\",\"resolution\":\"/Users/petermirm/Documents/dev_projects/vent_with_strangers_web/functions/node_modules/firebase-admin/lib/index.js\"}"}}
[debug] [2021-02-05T17:41:49.629Z] [runtime-status] [90763] Resolved module firebase-functions {"declared":true,"installed":true,"version":"3.11.0","resolution":"/Users/petermirm/Documents/dev_projects/vent_with_strangers_web/functions/node_modules/firebase-functions/lib/index.js"} {"metadata":{"emulator":{"name":"functions"},"message":"[runtime-status] [90763] Resolved module firebase-functions {\"declared\":true,\"installed\":true,\"version\":\"3.11.0\",\"resolution\":\"/Users/petermirm/Documents/dev_projects/vent_with_strangers_web/functions/node_modules/firebase-functions/lib/index.js\"}"}}
[debug] [2021-02-05T17:41:49.629Z] [runtime-status] [90763] firebase-admin has been stubbed. {"adminResolution":{"declared":true,"installed":true,"version":"9.4.0","resolution":"/Users/petermirm/Documents/dev_projects/vent_with_strangers_web/functions/node_modules/firebase-admin/lib/index.js"}} {"metadata":{"emulator":{"name":"functions"},"message":"[runtime-status] [90763] firebase-admin has been stubbed. {\"adminResolution\":{\"declared\":true,\"installed\":true,\"version\":\"9.4.0\",\"resolution\":\"/Users/petermirm/Documents/dev_projects/vent_with_strangers_web/functions/node_modules/firebase-admin/lib/index.js\"}}"}}
[debug] [2021-02-05T17:41:49.630Z] [runtime-status] [90763] initializeApp(DEFAULT) {"storageBucket":"vent-with-strangers-2acc6.appspot.com","databaseURL":"http://localhost:9000/?ns=vent-with-strangers-2acc6","projectId":"vent-with-strangers-2acc6"} {"metadata":{"emulator":{"name":"functions"},"message":"[runtime-status] [90763] initializeApp(DEFAULT) {\"storageBucket\":\"vent-with-strangers-2acc6.appspot.com\",\"databaseURL\":\"http://localhost:9000/?ns=vent-with-strangers-2acc6\",\"projectId\":\"vent-with-strangers-2acc6\"}"}}
[debug] [2021-02-05T17:41:49.632Z] addRealtimeDatabaseTrigger[vent-with-strangers-2acc6] "{\"name\":\"projects/vent-with-strangers-2acc6/locations/_/functions/helloworld-0\",\"path\":\"/posts\",\"event\":\"providers/google.firebase.database/eventTypes/ref.create\",\"topic\":\"projects/vent-with-strangers-2acc6/topics/helloworld-0\"}"
[debug] [2021-02-05T17:41:49.632Z] >>> HTTP REQUEST POST http://localhost:9000/.settings/functionTriggers.json?ns=vent-with-strangers-2acc6  
 {"name":"projects/vent-with-strangers-2acc6/locations/_/functions/helloworld-0","path":"/posts","event":"providers/google.firebase.database/eventTypes/ref.create","topic":"projects/vent-with-strangers-2acc6/topics/helloworld-0"}
[debug] [2021-02-05T17:41:49.634Z] [worker-~diagnostic~-c95cd0d2-f05e-427f-9b73-a35f9eec8d69]: IDLE {"metadata":{"emulator":{"name":"functions"},"message":"[worker-~diagnostic~-c95cd0d2-f05e-427f-9b73-a35f9eec8d69]: IDLE"}}
[debug] [2021-02-05T17:41:50.077Z] <<< HTTP RESPONSE 200 {"content-length":"15","content-type":"application/json; charset=utf-8","access-control-allow-origin":"*","cache-control":"no-cache","x-firebase-project-id":"vent-with-strangers-2acc6","x-firebase-project-number":"123456789","x-firebase-uuid":"77437b57-abfc-4119-ac4e-41d17db01e97"}
[info] ✔  functions[helloworld]: database function initialized. {"metadata":{"emulator":{"name":"functions"},"message":"\u001b[1mdatabase\u001b[22m function initialized."}}
[debug] [2021-02-05T17:41:50.079Z] >>> HTTP REQUEST PUT http://localhost:9000/.settings/rules.json?ns=vent-with-strangers-2acc6  
 {
  "rules": {
    ".read": true,
    ".write": true,
    "comments": {
      "$user_id":{
      	".indexOn": ["server_timestamp"]
      }
    },
    "posts": {
    	".indexOn": ["likeCounter","server_timestamp"]
    },
      
  }
}

[debug] [2021-02-05T17:41:50.111Z] <<< HTTP RESPONSE 200 {"content-length":"15","content-type":"application/json; charset=utf-8","access-control-allow-origin":"*","cache-control":"no-cache","x-firebase-project-id":"vent-with-strangers-2acc6","x-firebase-project-number":"123456789","x-firebase-uuid":"77437b57-abfc-4119-ac4e-41d17db01e97"}
[info] 
┌─────────────────────────────────────────────────────────────┐
│ ✔  All emulators ready! It is now safe to connect your app. │
│ i  View Emulator UI at http://localhost:4000                │
└─────────────────────────────────────────────────────────────┘

┌───────────┬────────────────┬─────────────────────────────────┐
│ Emulator  │ Host:Port      │ View in Emulator UI             │
├───────────┼────────────────┼─────────────────────────────────┤
│ Functions │ localhost:5001 │ http://localhost:4000/functions │
├───────────┼────────────────┼─────────────────────────────────┤
│ Database  │ localhost:9000 │ http://localhost:4000/database  │
├───────────┼────────────────┼─────────────────────────────────┤
│ Hosting   │ localhost:5000 │ n/a                             │
└───────────┴────────────────┴─────────────────────────────────┘
  Emulator Hub running at localhost:4400
  Other reserved ports: 4500

Issues? Report them at https://github.com/firebase/firebase-tools/issues and attach the *-debug.log files.
 
[info] i  hosting: 127.0.0.1 - - [05/Feb/2021:17:43:03 +0000] "GET / HTTP/1.1" 404 139 "http://localhost:4000/" "Mozilla/5.0 (Macintosh; Intel Mac OS X 11_1_0) AppleWebKit/537.36 (KHTML, like Gecko) Chrome/88.0.4324.146 Safari/537.36" {"metadata":{"emulator":{"name":"hosting"},"message":"127.0.0.1 - - [05/Feb/2021:17:43:03 +0000] \"GET / HTTP/1.1\" 404 139 \"http://localhost:4000/\" \"Mozilla/5.0 (Macintosh; Intel Mac OS X 11_1_0) AppleWebKit/537.36 (KHTML, like Gecko) Chrome/88.0.4324.146 Safari/537.36\""}}
[info] i  hosting: 127.0.0.1 - - [05/Feb/2021:17:43:07 +0000] "GET /test HTTP/1.1" 404 143 "-" "Mozilla/5.0 (Macintosh; Intel Mac OS X 11_1_0) AppleWebKit/537.36 (KHTML, like Gecko) Chrome/88.0.4324.146 Safari/537.36" {"metadata":{"emulator":{"name":"hosting"},"message":"127.0.0.1 - - [05/Feb/2021:17:43:07 +0000] \"GET /test HTTP/1.1\" 404 143 \"-\" \"Mozilla/5.0 (Macintosh; Intel Mac OS X 11_1_0) AppleWebKit/537.36 (KHTML, like Gecko) Chrome/88.0.4324.146 Safari/537.36\""}}
