[debug] [2021-03-11T06:19:46.225Z] ----------------------------------------------------------------------
[debug] [2021-03-11T06:19:46.227Z] Command:       /usr/local/bin/node /Users/petermirm/.npm/bin/firebase deploy
[debug] [2021-03-11T06:19:46.227Z] CLI Version:   9.3.0
[debug] [2021-03-11T06:19:46.227Z] Platform:      darwin
[debug] [2021-03-11T06:19:46.227Z] Node Version:  v14.15.1
[debug] [2021-03-11T06:19:46.228Z] Time:          Thu Mar 11 2021 00:19:46 GMT-0600 (Central Standard Time)
[debug] [2021-03-11T06:19:46.228Z] ----------------------------------------------------------------------
[debug] [2021-03-11T06:19:46.228Z] 
[debug] [2021-03-11T06:19:46.231Z] >>> [apiv2][query] GET https://firebase-public.firebaseio.com/cli.json [none]
[debug] [2021-03-11T06:19:46.248Z] > command requires scopes: ["email","openid","https://www.googleapis.com/auth/cloudplatformprojects.readonly","https://www.googleapis.com/auth/firebase","https://www.googleapis.com/auth/cloud-platform"]
[debug] [2021-03-11T06:19:46.248Z] > authorizing via signed-in user
[debug] [2021-03-11T06:19:46.249Z] [iam] checking project vent-with-strangers-2acc6 for permissions ["cloudfunctions.functions.create","cloudfunctions.functions.delete","cloudfunctions.functions.get","cloudfunctions.functions.list","cloudfunctions.functions.update","cloudfunctions.operations.get","datastore.indexes.create","datastore.indexes.delete","datastore.indexes.list","datastore.indexes.update","firebase.projects.get","firebasedatabase.instances.update","firebasehosting.sites.update","firebaserules.releases.create","firebaserules.releases.update","firebaserules.rulesets.create"]
[debug] [2021-03-11T06:19:46.250Z] > refreshing access token with scopes: ["email","https://www.googleapis.com/auth/cloud-platform","https://www.googleapis.com/auth/cloudplatformprojects.readonly","https://www.googleapis.com/auth/firebase","openid"]
[debug] [2021-03-11T06:19:46.250Z] >>> HTTP REQUEST POST https://www.googleapis.com/oauth2/v3/token  
 <request body omitted>
[debug] [2021-03-11T06:19:46.416Z] <<< HTTP RESPONSE 200 {"pragma":"no-cache","date":"Thu, 11 Mar 2021 06:19:46 GMT","expires":"Mon, 01 Jan 1990 00:00:00 GMT","cache-control":"no-cache, no-store, max-age=0, must-revalidate","content-type":"application/json; charset=utf-8","vary":"X-Origin, Referer, Origin,Accept-Encoding","server":"scaffolding on HTTPServer2","x-xss-protection":"0","x-frame-options":"SAMEORIGIN","x-content-type-options":"nosniff","alt-svc":"h3-29=\":443\"; ma=2592000,h3-T051=\":443\"; ma=2592000,h3-Q050=\":443\"; ma=2592000,h3-Q046=\":443\"; ma=2592000,h3-Q043=\":443\"; ma=2592000,quic=\":443\"; ma=2592000; v=\"46,43\"","accept-ranges":"none","transfer-encoding":"chunked"}
[debug] [2021-03-11T06:19:46.441Z] >>> HTTP REQUEST POST https://cloudresourcemanager.googleapis.com/v1/projects/vent-with-strangers-2acc6:testIamPermissions  
 {"permissions":["cloudfunctions.functions.create","cloudfunctions.functions.delete","cloudfunctions.functions.get","cloudfunctions.functions.list","cloudfunctions.functions.update","cloudfunctions.operations.get","datastore.indexes.create","datastore.indexes.delete","datastore.indexes.list","datastore.indexes.update","firebase.projects.get","firebasedatabase.instances.update","firebasehosting.sites.update","firebaserules.releases.create","firebaserules.releases.update","firebaserules.rulesets.create"]}
[debug] [2021-03-11T06:19:46.502Z] <<< [apiv2][status] GET https://firebase-public.firebaseio.com/cli.json 200
[debug] [2021-03-11T06:19:46.503Z] <<< [apiv2][body] GET https://firebase-public.firebaseio.com/cli.json {"cloudBuildErrorAfter":1594252800000,"cloudBuildWarnAfter":1590019200000,"defaultNode10After":1594252800000,"minVersion":"3.0.5","node8DeploysDisabledAfter":1613390400000,"node8RuntimeDisabledAfter":1615809600000,"node8WarnAfter":1600128000000}
[debug] [2021-03-11T06:19:46.847Z] <<< HTTP RESPONSE 200 {"content-type":"application/json; charset=UTF-8","vary":"X-Origin, Referer, Origin,Accept-Encoding","date":"Thu, 11 Mar 2021 06:19:46 GMT","server":"ESF","cache-control":"private","x-xss-protection":"0","x-frame-options":"SAMEORIGIN","x-content-type-options":"nosniff","server-timing":"gfet4t7; dur=231","alt-svc":"h3-29=\":443\"; ma=2592000,h3-T051=\":443\"; ma=2592000,h3-Q050=\":443\"; ma=2592000,h3-Q046=\":443\"; ma=2592000,h3-Q043=\":443\"; ma=2592000,quic=\":443\"; ma=2592000; v=\"46,43\"","accept-ranges":"none","transfer-encoding":"chunked"}
[debug] [2021-03-11T06:19:46.855Z] >>> HTTP REQUEST POST https://iam.googleapis.com/v1/projects/vent-with-strangers-2acc6/serviceAccounts/vent-with-strangers-2acc6@appspot.gserviceaccount.com:testIamPermissions  
 {"permissions":["iam.serviceAccounts.actAs"]}
[debug] [2021-03-11T06:19:47.192Z] <<< HTTP RESPONSE 200 {"content-type":"application/json; charset=UTF-8","vary":"X-Origin, Referer, Origin,Accept-Encoding","date":"Thu, 11 Mar 2021 06:19:47 GMT","server":"ESF","cache-control":"private","x-xss-protection":"0","x-frame-options":"SAMEORIGIN","x-content-type-options":"nosniff","alt-svc":"h3-29=\":443\"; ma=2592000,h3-T051=\":443\"; ma=2592000,h3-Q050=\":443\"; ma=2592000,h3-Q046=\":443\"; ma=2592000,h3-Q043=\":443\"; ma=2592000,quic=\":443\"; ma=2592000; v=\"46,43\"","accept-ranges":"none","transfer-encoding":"chunked"}
[debug] [2021-03-11T06:19:47.197Z] > refreshing access token with scopes: []
[debug] [2021-03-11T06:19:47.197Z] >>> HTTP REQUEST POST https://www.googleapis.com/oauth2/v3/token  
 <request body omitted>
[debug] [2021-03-11T06:19:47.327Z] <<< HTTP RESPONSE 200 {"date":"Thu, 11 Mar 2021 06:19:47 GMT","expires":"Mon, 01 Jan 1990 00:00:00 GMT","cache-control":"no-cache, no-store, max-age=0, must-revalidate","pragma":"no-cache","content-type":"application/json; charset=utf-8","vary":"X-Origin, Referer, Origin,Accept-Encoding","server":"scaffolding on HTTPServer2","x-xss-protection":"0","x-frame-options":"SAMEORIGIN","x-content-type-options":"nosniff","alt-svc":"h3-29=\":443\"; ma=2592000,h3-T051=\":443\"; ma=2592000,h3-Q050=\":443\"; ma=2592000,h3-Q046=\":443\"; ma=2592000,h3-Q043=\":443\"; ma=2592000,quic=\":443\"; ma=2592000; v=\"46,43\"","accept-ranges":"none","transfer-encoding":"chunked"}
[debug] [2021-03-11T06:19:47.353Z] >>> [apiv2][query] GET https://firebase.googleapis.com/v1beta1/projects/vent-with-strangers-2acc6 [none]
[debug] [2021-03-11T06:19:47.557Z] <<< [apiv2][status] GET https://firebase.googleapis.com/v1beta1/projects/vent-with-strangers-2acc6 200
[debug] [2021-03-11T06:19:47.557Z] <<< [apiv2][body] GET https://firebase.googleapis.com/v1beta1/projects/vent-with-strangers-2acc6 {"projectId":"vent-with-strangers-2acc6","projectNumber":"440569980458","displayName":"Vent With Strangers","name":"projects/vent-with-strangers-2acc6","resources":{"hostingSite":"vent-with-strangers-2acc6","realtimeDatabaseInstance":"vent-with-strangers-2acc6","storageBucket":"vent-with-strangers-2acc6.appspot.com","locationId":"us-central"},"state":"ACTIVE"}
[debug] [2021-03-11T06:19:47.561Z] >>> [apiv2][query] GET https://firebase.googleapis.com/v1beta1/projects/vent-with-strangers-2acc6 [none]
[debug] [2021-03-11T06:19:47.726Z] <<< [apiv2][status] GET https://firebase.googleapis.com/v1beta1/projects/vent-with-strangers-2acc6 200
[debug] [2021-03-11T06:19:47.726Z] <<< [apiv2][body] GET https://firebase.googleapis.com/v1beta1/projects/vent-with-strangers-2acc6 {"projectId":"vent-with-strangers-2acc6","projectNumber":"440569980458","displayName":"Vent With Strangers","name":"projects/vent-with-strangers-2acc6","resources":{"hostingSite":"vent-with-strangers-2acc6","realtimeDatabaseInstance":"vent-with-strangers-2acc6","storageBucket":"vent-with-strangers-2acc6.appspot.com","locationId":"us-central"},"state":"ACTIVE"}
[warn] ⚠  functions: package.json indicates an outdated version of firebase-functions.
Please upgrade using npm install --save firebase-functions@latest in your functions directory. 
[info] 
[info] === Deploying to 'vent-with-strangers-2acc6'...
[info] 
[info] i  deploying database, storage, firestore, functions, hosting 
[info] i  database: checking rules syntax... 
[debug] [2021-03-11T06:19:49.740Z] > refreshing access token with scopes: ["email","https://www.googleapis.com/auth/cloud-platform","https://www.googleapis.com/auth/cloudplatformprojects.readonly","https://www.googleapis.com/auth/firebase","openid"]
[debug] [2021-03-11T06:19:49.740Z] >>> HTTP REQUEST POST https://www.googleapis.com/oauth2/v3/token  
 <request body omitted>
[debug] [2021-03-11T06:19:49.871Z] <<< HTTP RESPONSE 200 {"pragma":"no-cache","cache-control":"no-cache, no-store, max-age=0, must-revalidate","expires":"Mon, 01 Jan 1990 00:00:00 GMT","date":"Thu, 11 Mar 2021 06:19:49 GMT","content-type":"application/json; charset=utf-8","vary":"X-Origin, Referer, Origin,Accept-Encoding","server":"scaffolding on HTTPServer2","x-xss-protection":"0","x-frame-options":"SAMEORIGIN","x-content-type-options":"nosniff","alt-svc":"h3-29=\":443\"; ma=2592000,h3-T051=\":443\"; ma=2592000,h3-Q050=\":443\"; ma=2592000,h3-Q046=\":443\"; ma=2592000,h3-Q043=\":443\"; ma=2592000,quic=\":443\"; ma=2592000; v=\"46,43\"","accept-ranges":"none","transfer-encoding":"chunked"}
[debug] [2021-03-11T06:19:49.909Z] >>> HTTP REQUEST GET https://firebasedatabase.googleapis.com/v1beta/projects/vent-with-strangers-2acc6/locations/-/instances/vent-with-strangers-2acc6  
 
[debug] [2021-03-11T06:19:50.253Z] <<< HTTP RESPONSE 200 {"content-type":"application/json; charset=UTF-8","vary":"X-Origin, Referer, Origin,Accept-Encoding","date":"Thu, 11 Mar 2021 06:19:50 GMT","server":"ESF","cache-control":"private","x-xss-protection":"0","x-frame-options":"SAMEORIGIN","x-content-type-options":"nosniff","alt-svc":"h3-29=\":443\"; ma=2592000,h3-T051=\":443\"; ma=2592000,h3-Q050=\":443\"; ma=2592000,h3-Q046=\":443\"; ma=2592000,h3-Q043=\":443\"; ma=2592000,quic=\":443\"; ma=2592000; v=\"46,43\"","accept-ranges":"none","transfer-encoding":"chunked"}
[debug] [2021-03-11T06:19:50.258Z] >>> HTTP REQUEST PUT https://vent-with-strangers-2acc6.firebaseio.com/.settings/rules.json?dryRun=true  
 {
  "rules": {
    ".read": true,
    ".write": true,
    "comments": {
      ".indexOn": ["server_timestamp", "userID", "ventID"]
    },
    "vents": {
      ".indexOn": ["like_counter", "server_timestamp"]
    }
  }
}

[debug] [2021-03-11T06:19:50.552Z] <<< HTTP RESPONSE 200 {"server":"nginx","date":"Thu, 11 Mar 2021 06:19:50 GMT","content-type":"application/json; charset=utf-8","content-length":"15","connection":"keep-alive","access-control-allow-origin":"*","cache-control":"no-cache","strict-transport-security":"max-age=31556926; includeSubDomains; preload"}
[info] ✔  database: rules syntax for database vent-with-strangers-2acc6 is valid 
[debug] [2021-03-11T06:19:50.558Z] >>> HTTP REQUEST GET https://appengine.googleapis.com/v1/apps/vent-with-strangers-2acc6  
 
[debug] [2021-03-11T06:19:51.009Z] <<< HTTP RESPONSE 200 {"content-type":"application/json; charset=UTF-8","vary":"X-Origin, Referer, Origin,Accept-Encoding","date":"Thu, 11 Mar 2021 06:19:51 GMT","server":"ESF","cache-control":"private","x-xss-protection":"0","x-frame-options":"SAMEORIGIN","x-content-type-options":"nosniff","alt-svc":"h3-29=\":443\"; ma=2592000,h3-T051=\":443\"; ma=2592000,h3-Q050=\":443\"; ma=2592000,h3-Q046=\":443\"; ma=2592000,h3-Q043=\":443\"; ma=2592000,quic=\":443\"; ma=2592000; v=\"46,43\"","accept-ranges":"none","transfer-encoding":"chunked"}
[info] i  firebase.storage: checking storage.rules for compilation errors... 
[debug] [2021-03-11T06:19:51.014Z] >>> HTTP REQUEST POST https://firebaserules.googleapis.com/v1/projects/vent-with-strangers-2acc6:test  
 {"source":{"files":[{"name":"storage.rules","content":"rules_version = '2';\nservice firebase.storage {\n  match /b/{bucket}/o {\n    match /{allPaths=**} {\n      allow read, write: if request.auth!=null;\n    }\n  }\n}\n"}]}}
[debug] [2021-03-11T06:19:51.260Z] <<< HTTP RESPONSE 200 {"content-type":"application/json; charset=UTF-8","vary":"X-Origin, Referer, Origin,Accept-Encoding","date":"Thu, 11 Mar 2021 06:19:51 GMT","server":"ESF","cache-control":"private","x-xss-protection":"0","x-frame-options":"SAMEORIGIN","x-content-type-options":"nosniff","alt-svc":"h3-29=\":443\"; ma=2592000,h3-T051=\":443\"; ma=2592000,h3-Q050=\":443\"; ma=2592000,h3-Q046=\":443\"; ma=2592000,h3-Q043=\":443\"; ma=2592000,quic=\":443\"; ma=2592000; v=\"46,43\"","accept-ranges":"none","transfer-encoding":"chunked"}
[info] ✔  firebase.storage: rules file storage.rules compiled successfully 
[info] i  firestore: reading indexes from firestore.indexes.json... 
[info] i  cloud.firestore: checking firestore.rules for compilation errors... 
[debug] [2021-03-11T06:19:51.269Z] >>> HTTP REQUEST POST https://firebaserules.googleapis.com/v1/projects/vent-with-strangers-2acc6:test  
 {"source":{"files":[{"name":"firestore.rules","content":"rules_version = '2';\nservice cloud.firestore {\n  match /databases/{database}/documents {\n    match /{document=**} {\n      allow read, write: if true;\n    }\n  }\n}"}]}}
[debug] [2021-03-11T06:19:51.450Z] <<< HTTP RESPONSE 200 {"content-type":"application/json; charset=UTF-8","vary":"X-Origin, Referer, Origin,Accept-Encoding","date":"Thu, 11 Mar 2021 06:19:51 GMT","server":"ESF","cache-control":"private","x-xss-protection":"0","x-frame-options":"SAMEORIGIN","x-content-type-options":"nosniff","alt-svc":"h3-29=\":443\"; ma=2592000,h3-T051=\":443\"; ma=2592000,h3-Q050=\":443\"; ma=2592000,h3-Q046=\":443\"; ma=2592000,h3-Q043=\":443\"; ma=2592000,quic=\":443\"; ma=2592000; v=\"46,43\"","accept-ranges":"none","transfer-encoding":"chunked"}
[info] ✔  cloud.firestore: rules file firestore.rules compiled successfully 
[debug] [2021-03-11T06:19:51.455Z] > [functions] package.json contents: {
  "name": "functions",
  "description": "Cloud Functions for Firebase",
  "scripts": {
    "serve": "firebase emulators:start",
    "shell": "firebase functions:shell",
    "start": "npm run shell",
    "deploy": "firebase deploy --only functions",
    "logs": "firebase functions:log"
  },
  "engines": {
    "node": "14"
  },
  "main": "index.js",
  "dependencies": {
    "aws-sdk": "^2.858.0",
    "express": "^4.17.1",
    "firebase-admin": "^9.2.0",
    "firebase-functions": "^3.11.0",
    "moment-timezone": "^0.5.33",
    "s3-proxy": "^1.2.1"
  },
  "devDependencies": {
    "eslint": "^7.6.0",
    "eslint-config-google": "^0.14.0",
    "firebase-functions-test": "^0.2.0"
  },
  "private": true
}
[info] i  functions: ensuring required API cloudfunctions.googleapis.com is enabled... 
[info] i  functions: ensuring required API cloudbuild.googleapis.com is enabled... 
[debug] [2021-03-11T06:19:52.522Z] >>> HTTP REQUEST GET https://serviceusage.googleapis.com/v1/projects/vent-with-strangers-2acc6/services/cloudfunctions.googleapis.com  
 
[debug] [2021-03-11T06:19:52.522Z] >>> HTTP REQUEST GET https://serviceusage.googleapis.com/v1/projects/vent-with-strangers-2acc6/services/runtimeconfig.googleapis.com  
 
[debug] [2021-03-11T06:19:52.523Z] >>> HTTP REQUEST GET https://serviceusage.googleapis.com/v1/projects/vent-with-strangers-2acc6/services/cloudbuild.googleapis.com  
 
[debug] [2021-03-11T06:19:52.933Z] <<< HTTP RESPONSE 200 {"content-type":"application/json; charset=UTF-8","vary":"X-Origin, Referer, Origin,Accept-Encoding","date":"Thu, 11 Mar 2021 06:19:52 GMT","server":"ESF","cache-control":"private","x-xss-protection":"0","x-frame-options":"SAMEORIGIN","x-content-type-options":"nosniff","alt-svc":"h3-29=\":443\"; ma=2592000,h3-T051=\":443\"; ma=2592000,h3-Q050=\":443\"; ma=2592000,h3-Q046=\":443\"; ma=2592000,h3-Q043=\":443\"; ma=2592000,quic=\":443\"; ma=2592000; v=\"46,43\"","accept-ranges":"none","transfer-encoding":"chunked"}
[debug] [2021-03-11T06:19:52.956Z] <<< HTTP RESPONSE 200 {"content-type":"application/json; charset=UTF-8","vary":"X-Origin, Referer, Origin,Accept-Encoding","date":"Thu, 11 Mar 2021 06:19:52 GMT","server":"ESF","cache-control":"private","x-xss-protection":"0","x-frame-options":"SAMEORIGIN","x-content-type-options":"nosniff","alt-svc":"h3-29=\":443\"; ma=2592000,h3-T051=\":443\"; ma=2592000,h3-Q050=\":443\"; ma=2592000,h3-Q046=\":443\"; ma=2592000,h3-Q043=\":443\"; ma=2592000,quic=\":443\"; ma=2592000; v=\"46,43\"","accept-ranges":"none","transfer-encoding":"chunked"}
[info] ✔  functions: required API cloudbuild.googleapis.com is enabled 
[debug] [2021-03-11T06:19:52.962Z] <<< HTTP RESPONSE 200 {"content-type":"application/json; charset=UTF-8","vary":"X-Origin, Referer, Origin,Accept-Encoding","date":"Thu, 11 Mar 2021 06:19:52 GMT","server":"ESF","cache-control":"private","x-xss-protection":"0","x-frame-options":"SAMEORIGIN","x-content-type-options":"nosniff","alt-svc":"h3-29=\":443\"; ma=2592000,h3-T051=\":443\"; ma=2592000,h3-Q050=\":443\"; ma=2592000,h3-Q046=\":443\"; ma=2592000,h3-Q043=\":443\"; ma=2592000,quic=\":443\"; ma=2592000; v=\"46,43\"","accept-ranges":"none","transfer-encoding":"chunked"}
[info] ✔  functions: required API cloudfunctions.googleapis.com is enabled 
[debug] [2021-03-11T06:19:52.965Z] >>> HTTP REQUEST GET https://firebase.googleapis.com/v1beta1/projects/vent-with-strangers-2acc6/adminSdkConfig  
 
[debug] [2021-03-11T06:19:53.164Z] <<< HTTP RESPONSE 200 {"content-type":"application/json; charset=UTF-8","vary":"X-Origin, Referer, Origin,Accept-Encoding","date":"Thu, 11 Mar 2021 06:19:53 GMT","server":"ESF","cache-control":"private","x-xss-protection":"0","x-frame-options":"SAMEORIGIN","x-content-type-options":"nosniff","alt-svc":"h3-29=\":443\"; ma=2592000,h3-T051=\":443\"; ma=2592000,h3-Q050=\":443\"; ma=2592000,h3-Q046=\":443\"; ma=2592000,h3-Q043=\":443\"; ma=2592000,quic=\":443\"; ma=2592000; v=\"46,43\"","accept-ranges":"none","transfer-encoding":"chunked"}
[debug] [2021-03-11T06:19:53.172Z] >>> HTTP REQUEST POST https://firebasehosting.googleapis.com/v1beta1/sites/vent-with-strangers-2acc6/versions  
 {"config":{"rewrites":[{"glob":"/sitemap.xml","function":"app"},{"glob":"**","path":"/index.html"}]},"labels":{"deployment-tool":"cli-firebase"}}
[debug] [2021-03-11T06:19:53.771Z] <<< HTTP RESPONSE 200 {"content-type":"application/json; charset=UTF-8","vary":"X-Origin, Referer, Origin,Accept-Encoding","date":"Thu, 11 Mar 2021 06:19:53 GMT","server":"ESF","cache-control":"private","x-xss-protection":"0","x-frame-options":"SAMEORIGIN","x-content-type-options":"nosniff","alt-svc":"h3-29=\":443\"; ma=2592000,h3-T051=\":443\"; ma=2592000,h3-Q050=\":443\"; ma=2592000,h3-Q046=\":443\"; ma=2592000,h3-Q043=\":443\"; ma=2592000,quic=\":443\"; ma=2592000; v=\"46,43\"","accept-ranges":"none","transfer-encoding":"chunked"}
[debug] [2021-03-11T06:19:53.777Z] >>> HTTP REQUEST GET https://firebaserules.googleapis.com/v1/projects/vent-with-strangers-2acc6/releases?pageSize=10&pageToken=  
 
[debug] [2021-03-11T06:19:53.954Z] <<< HTTP RESPONSE 200 {"content-type":"application/json; charset=UTF-8","vary":"X-Origin, Referer, Origin,Accept-Encoding","date":"Thu, 11 Mar 2021 06:19:54 GMT","server":"ESF","cache-control":"private","x-xss-protection":"0","x-frame-options":"SAMEORIGIN","x-content-type-options":"nosniff","alt-svc":"h3-29=\":443\"; ma=2592000,h3-T051=\":443\"; ma=2592000,h3-Q050=\":443\"; ma=2592000,h3-Q046=\":443\"; ma=2592000,h3-Q043=\":443\"; ma=2592000,quic=\":443\"; ma=2592000; v=\"46,43\"","accept-ranges":"none","transfer-encoding":"chunked"}
[debug] [2021-03-11T06:19:53.956Z] >>> HTTP REQUEST GET https://firebaserules.googleapis.com/v1/projects/vent-with-strangers-2acc6/rulesets/dd36e550-5071-4d2f-9ff2-a447ac08d726  
 
[debug] [2021-03-11T06:19:54.107Z] <<< HTTP RESPONSE 200 {"content-type":"application/json; charset=UTF-8","vary":"X-Origin, Referer, Origin,Accept-Encoding","date":"Thu, 11 Mar 2021 06:19:54 GMT","server":"ESF","cache-control":"private","x-xss-protection":"0","x-frame-options":"SAMEORIGIN","x-content-type-options":"nosniff","alt-svc":"h3-29=\":443\"; ma=2592000,h3-T051=\":443\"; ma=2592000,h3-Q050=\":443\"; ma=2592000,h3-Q046=\":443\"; ma=2592000,h3-Q043=\":443\"; ma=2592000,quic=\":443\"; ma=2592000; v=\"46,43\"","accept-ranges":"none","transfer-encoding":"chunked"}
[info] i  storage: latest version of storage.rules already up to date, skipping upload... 
[debug] [2021-03-11T06:19:54.112Z] >>> HTTP REQUEST GET https://firebaserules.googleapis.com/v1/projects/vent-with-strangers-2acc6/releases?pageSize=10&pageToken=  
 
[debug] [2021-03-11T06:19:54.113Z] >>> HTTP REQUEST GET https://firestore.googleapis.com/v1/projects/vent-with-strangers-2acc6/databases/(default)/collectionGroups/-/indexes  
 
[debug] [2021-03-11T06:19:54.272Z] <<< HTTP RESPONSE 200 {"content-type":"application/json; charset=UTF-8","vary":"X-Origin, Referer, Origin,Accept-Encoding","date":"Thu, 11 Mar 2021 06:19:54 GMT","server":"ESF","cache-control":"private","x-xss-protection":"0","x-frame-options":"SAMEORIGIN","x-content-type-options":"nosniff","alt-svc":"h3-29=\":443\"; ma=2592000,h3-T051=\":443\"; ma=2592000,h3-Q050=\":443\"; ma=2592000,h3-Q046=\":443\"; ma=2592000,h3-Q043=\":443\"; ma=2592000,quic=\":443\"; ma=2592000; v=\"46,43\"","accept-ranges":"none","transfer-encoding":"chunked"}
[debug] [2021-03-11T06:19:54.274Z] >>> HTTP REQUEST GET https://firebaserules.googleapis.com/v1/projects/vent-with-strangers-2acc6/rulesets/167833e4-3691-477a-88f3-56a704e1eea7  
 
[debug] [2021-03-11T06:19:54.439Z] <<< HTTP RESPONSE 200 {"content-type":"application/json; charset=UTF-8","vary":"X-Origin, Referer, Origin,Accept-Encoding","date":"Thu, 11 Mar 2021 06:19:54 GMT","server":"ESF","cache-control":"private","x-xss-protection":"0","x-frame-options":"SAMEORIGIN","x-content-type-options":"nosniff","alt-svc":"h3-29=\":443\"; ma=2592000,h3-T051=\":443\"; ma=2592000,h3-Q050=\":443\"; ma=2592000,h3-Q046=\":443\"; ma=2592000,h3-Q043=\":443\"; ma=2592000,quic=\":443\"; ma=2592000; v=\"46,43\"","accept-ranges":"none","transfer-encoding":"chunked"}
[info] i  firestore: latest version of firestore.rules already up to date, skipping upload... 
[debug] [2021-03-11T06:19:54.516Z] <<< HTTP RESPONSE 200 {"content-type":"application/json; charset=UTF-8","vary":"X-Origin, Referer, Origin,Accept-Encoding","date":"Thu, 11 Mar 2021 06:19:54 GMT","server":"ESF","cache-control":"private","x-xss-protection":"0","x-frame-options":"SAMEORIGIN","x-content-type-options":"nosniff","alt-svc":"h3-29=\":443\"; ma=2592000,h3-T051=\":443\"; ma=2592000,h3-Q050=\":443\"; ma=2592000,h3-Q046=\":443\"; ma=2592000,h3-Q043=\":443\"; ma=2592000,quic=\":443\"; ma=2592000; v=\"46,43\"","accept-ranges":"none","transfer-encoding":"chunked"}
[debug] [2021-03-11T06:19:54.524Z] >>> HTTP REQUEST GET https://firestore.googleapis.com/v1/projects/vent-with-strangers-2acc6/databases/(default)/collectionGroups/-/fields?filter=indexConfig.usesAncestorConfig=false  
 
[debug] [2021-03-11T06:19:55.001Z] <<< HTTP RESPONSE 200 {"content-type":"application/json; charset=UTF-8","vary":"X-Origin, Referer, Origin,Accept-Encoding","date":"Thu, 11 Mar 2021 06:19:54 GMT","server":"ESF","cache-control":"private","x-xss-protection":"0","x-frame-options":"SAMEORIGIN","x-content-type-options":"nosniff","alt-svc":"h3-29=\":443\"; ma=2592000,h3-T051=\":443\"; ma=2592000,h3-Q050=\":443\"; ma=2592000,h3-Q046=\":443\"; ma=2592000,h3-Q043=\":443\"; ma=2592000,quic=\":443\"; ma=2592000; v=\"46,43\"","accept-ranges":"none","transfer-encoding":"chunked"}
[info] i  firestore: The following indexes are defined in your project but are not present in your firestore indexes file:
	(notifications) -- (userID,ASCENDING) (server_timestamp,ASCENDING) 
	(comments) -- (ventID,ASCENDING) (server_timestamp,DESCENDING) 
	(vents) -- (like_counter,DESCENDING) (server_timestamp,DESCENDING) 
	(conversations) -- (members,CONTAINS) (last_updated,ASCENDING) 
	(vents) -- (userID,ASCENDING) (server_timestamp,DESCENDING) 
	(vents) -- (ventID,ASCENDING) (server_timestamp,DESCENDING) 
	(comments) -- (userID,ASCENDING) (server_timestamp,DESCENDING)  
[info] ✔  firestore: deployed indexes in firestore.indexes.json successfully 
[info] i  functions: preparing functions directory for uploading... 
[debug] [2021-03-11T06:20:19.415Z] >>> HTTP REQUEST GET https://runtimeconfig.googleapis.com/v1beta1/projects/vent-with-strangers-2acc6/configs  
 
[debug] [2021-03-11T06:20:19.711Z] <<< HTTP RESPONSE 200 {"content-type":"application/json; charset=UTF-8","vary":"X-Origin, Referer, Origin,Accept-Encoding","date":"Thu, 11 Mar 2021 06:20:19 GMT","server":"ESF","cache-control":"private","x-xss-protection":"0","x-frame-options":"SAMEORIGIN","x-content-type-options":"nosniff","alt-svc":"h3-29=\":443\"; ma=2592000,h3-T051=\":443\"; ma=2592000,h3-Q050=\":443\"; ma=2592000,h3-Q046=\":443\"; ma=2592000,h3-Q043=\":443\"; ma=2592000,quic=\":443\"; ma=2592000; v=\"46,43\"","accept-ranges":"none","transfer-encoding":"chunked"}
[info] i  functions: packaged functions (51.03 KB) for uploading 
[debug] [2021-03-11T06:20:20.059Z] >>> HTTP REQUEST GET https://cloudfunctions.googleapis.com/v1/projects/vent-with-strangers-2acc6/locations/-/functions  
 
[debug] [2021-03-11T06:20:20.547Z] <<< HTTP RESPONSE 200 {"content-type":"application/json; charset=UTF-8","vary":"X-Origin, Referer, Origin,Accept-Encoding","date":"Thu, 11 Mar 2021 06:20:20 GMT","server":"ESF","cache-control":"private","x-xss-protection":"0","x-frame-options":"SAMEORIGIN","x-content-type-options":"nosniff","alt-svc":"h3-29=\":443\"; ma=2592000,h3-T051=\":443\"; ma=2592000,h3-Q050=\":443\"; ma=2592000,h3-Q046=\":443\"; ma=2592000,h3-Q043=\":443\"; ma=2592000,quic=\":443\"; ma=2592000; v=\"46,43\"","accept-ranges":"none","transfer-encoding":"chunked"}
[debug] [2021-03-11T06:20:20.549Z] >>> HTTP REQUEST POST https://cloudfunctions.googleapis.com/v1/projects/vent-with-strangers-2acc6/locations/us-central1/functions:generateUploadUrl  
 
[debug] [2021-03-11T06:20:21.358Z] <<< HTTP RESPONSE 200 {"content-type":"application/json; charset=UTF-8","vary":"X-Origin, Referer, Origin,Accept-Encoding","date":"Thu, 11 Mar 2021 06:20:21 GMT","server":"ESF","cache-control":"private","x-xss-protection":"0","x-frame-options":"SAMEORIGIN","x-content-type-options":"nosniff","alt-svc":"h3-29=\":443\"; ma=2592000,h3-T051=\":443\"; ma=2592000,h3-Q050=\":443\"; ma=2592000,h3-Q046=\":443\"; ma=2592000,h3-Q043=\":443\"; ma=2592000,quic=\":443\"; ma=2592000; v=\"46,43\"","accept-ranges":"none","transfer-encoding":"chunked"}
[debug] [2021-03-11T06:20:21.360Z] >>> HTTP REQUEST PUT https://storage.googleapis.com/gcf-upload-us-central1-ae5dd07a-a364-4698-8f9e-69d59d9e03d0/c7fd8218-cb52-41d4-a553-9852f4701487.zip?GoogleAccessId=service-440569980458@gcf-admin-robot.iam.gserviceaccount.com&Expires=1615445421&Signature=wt1VaKYeXj2Ewkosi19WMb1IcjzxFk4UyGi8A6RSyb8Z0GuQ2w%2BoUgIksHTv5OdezOuQWwKQkA3fw7AZJIzfYGzLFPophtpZVxfuPOMRqEijkn7zbc0DPIU84NcxkUil2scR8V9qGsMFgf8Ry%2B7gZ9LXe9XsGH8HEzYIPqkq1sy%2F6GsfV7yXPJAYYEBCmXEe8DL19a38oQnIIIyZ8R9IsOPvBfYomtgqdwupBRSNHyB%2BHOvs0nHh8YZuW4K5u%2BFfxil9FGj6FYgHB71yiBIzeQ9bp411roR2XRKh5m5%2BnegVWj9GWCu7d%2FmLI6erxdh11PEf5J9cfi0lnkaqUxwyeg%3D%3D  
 <request body omitted>
[debug] [2021-03-11T06:20:21.589Z] <<< HTTP RESPONSE 200 {"x-guploader-uploadid":"ABg5-UzRnguu_Bfi83TSomJg0CUpb8esi2Sz6AfypNKjw-SLVbIsutLsuS4C3edCEPIOQ5NKgORNNY-UVhdFvtWYm9sJDLA4mQ","etag":"\"295dec17b68f9f2d98a23b65b617fe36\"","x-goog-generation":"1615443621626087","x-goog-metageneration":"1","x-goog-hash":"crc32c=XmXR1w==, md5=KV3sF7aPny2Yojtlthf+Ng==","x-goog-stored-content-length":"52258","x-goog-stored-content-encoding":"identity","vary":"Origin","content-length":"0","date":"Thu, 11 Mar 2021 06:20:21 GMT","server":"UploadServer","content-type":"text/html; charset=UTF-8","alt-svc":"h3-29=\":443\"; ma=2592000,h3-T051=\":443\"; ma=2592000,h3-Q050=\":443\"; ma=2592000,h3-Q046=\":443\"; ma=2592000,h3-Q043=\":443\"; ma=2592000,quic=\":443\"; ma=2592000; v=\"46,43\""}
[info] ✔  functions: functions folder uploaded successfully 
[info] i  hosting[vent-with-strangers-2acc6]: beginning deploy... 
[info] i  hosting[vent-with-strangers-2acc6]: found 9 files in build 
[debug] [2021-03-11T06:20:21.710Z] > refreshing access token with scopes: []
[debug] [2021-03-11T06:20:21.711Z] >>> HTTP REQUEST POST https://www.googleapis.com/oauth2/v3/token  
 <request body omitted>
[debug] [2021-03-11T06:20:21.713Z] [hosting] hash cache [YnVpbGQ] stored for 9 files
[debug] [2021-03-11T06:20:21.714Z] [hosting][hash queue][FINAL] {"max":98,"min":9,"avg":29.555555555555557,"active":0,"complete":9,"success":9,"errored":0,"retried":0,"total":9,"elapsed":105}
[debug] [2021-03-11T06:20:21.850Z] <<< HTTP RESPONSE 200 {"pragma":"no-cache","expires":"Mon, 01 Jan 1990 00:00:00 GMT","cache-control":"no-cache, no-store, max-age=0, must-revalidate","date":"Thu, 11 Mar 2021 06:20:21 GMT","content-type":"application/json; charset=utf-8","vary":"X-Origin, Referer, Origin,Accept-Encoding","server":"scaffolding on HTTPServer2","x-xss-protection":"0","x-frame-options":"SAMEORIGIN","x-content-type-options":"nosniff","alt-svc":"h3-29=\":443\"; ma=2592000,h3-T051=\":443\"; ma=2592000,h3-Q050=\":443\"; ma=2592000,h3-Q046=\":443\"; ma=2592000,h3-Q043=\":443\"; ma=2592000,quic=\":443\"; ma=2592000; v=\"46,43\"","accept-ranges":"none","transfer-encoding":"chunked"}
[debug] [2021-03-11T06:20:21.873Z] >>> [apiv2][query] POST https://firebasehosting.googleapis.com/v1beta1/sites/vent-with-strangers-2acc6/versions/03e22b33c68451db:populateFiles [none]
[debug] [2021-03-11T06:20:21.873Z] >>> [apiv2][body] POST https://firebasehosting.googleapis.com/v1beta1/sites/vent-with-strangers-2acc6/versions/03e22b33c68451db:populateFiles {"files":{"/favicon.ico":"4ffdf0b14817368c47e1c013dadb49406a6aa83657240369dc56002c3c6c6c27","/index.html":"3e4c4a30ac6bc58bce9fe5fed3bb2fce1e8ce266865aeb6c1e96f9eb6791a32f","/icon.svg":"02cec412a2c9b261998de91931142965822f4d93bc0fed3602bbad8f99f76ce0","/bing.mp3":"ad19e6758d88aaa83c53df8faed2b52a1e4c64aba61bd16b2a1d28deec82a380","/googleplay.png":"ad9d9bac1ea970126e07c201380939b6eac1799ca2e5bd2449f24bab9a4a99f4","/appstore.png":"54eeff77c6f09f35ba73a459f52131791507ab187ea3799428d4d5d65f1b33ff","/support.svg":"f63f95ef053ed6f4b014e9a8be4aa767fc9437d168546e64852687d45c99f9c5","/support-active.svg":"ac8fc7b264509dc0741d03e88c477f62f46b31a87c39abda8f8966df49b3dc99","/bundle.js":"37a4cd2c1fb562d7251caf42053240f8468c209609b4ea93f64c315a604e32da"}}
[debug] [2021-03-11T06:20:22.345Z] <<< [apiv2][status] POST https://firebasehosting.googleapis.com/v1beta1/sites/vent-with-strangers-2acc6/versions/03e22b33c68451db:populateFiles 200
[debug] [2021-03-11T06:20:22.345Z] <<< [apiv2][body] POST https://firebasehosting.googleapis.com/v1beta1/sites/vent-with-strangers-2acc6/versions/03e22b33c68451db:populateFiles {"uploadRequiredHashes":["37a4cd2c1fb562d7251caf42053240f8468c209609b4ea93f64c315a604e32da"],"uploadUrl":"https://upload-firebasehosting.googleapis.com/upload/sites/vent-with-strangers-2acc6/versions/03e22b33c68451db/files"}
[debug] [2021-03-11T06:20:22.350Z] >>> [apiv2][query] POST https://upload-firebasehosting.googleapis.com/upload/sites/vent-with-strangers-2acc6/versions/03e22b33c68451db/files/37a4cd2c1fb562d7251caf42053240f8468c209609b4ea93f64c315a604e32da [none]
[debug] [2021-03-11T06:20:22.350Z] >>> [apiv2][body] POST https://upload-firebasehosting.googleapis.com/upload/sites/vent-with-strangers-2acc6/versions/03e22b33c68451db/files/37a4cd2c1fb562d7251caf42053240f8468c209609b4ea93f64c315a604e32da [stream]
[debug] [2021-03-11T06:20:22.357Z] [hosting][populate queue][FINAL] {"max":641,"min":641,"avg":641,"active":0,"complete":1,"success":1,"errored":0,"retried":0,"total":1,"elapsed":648}
[debug] [2021-03-11T06:20:22.358Z] [hosting] uploads queued: 1
[debug] [2021-03-11T06:20:23.214Z] <<< [apiv2][status] POST https://upload-firebasehosting.googleapis.com/upload/sites/vent-with-strangers-2acc6/versions/03e22b33c68451db/files/37a4cd2c1fb562d7251caf42053240f8468c209609b4ea93f64c315a604e32da 200
[debug] [2021-03-11T06:20:23.215Z] <<< [apiv2][body] POST https://upload-firebasehosting.googleapis.com/upload/sites/vent-with-strangers-2acc6/versions/03e22b33c68451db/files/37a4cd2c1fb562d7251caf42053240f8468c209609b4ea93f64c315a604e32da [stream]
[debug] [2021-03-11T06:20:23.215Z] [hosting][upload queue][FINAL] {"max":869,"min":869,"avg":869,"active":0,"complete":1,"success":1,"errored":0,"retried":0,"total":1,"elapsed":869}
[info] ✔  hosting[vent-with-strangers-2acc6]: file upload complete 
[debug] [2021-03-11T06:20:23.217Z] [hosting] deploy completed after 1625ms
[info] i  database: releasing rules... 
[debug] [2021-03-11T06:20:23.356Z] > refreshing access token with scopes: ["email","https://www.googleapis.com/auth/cloud-platform","https://www.googleapis.com/auth/cloudplatformprojects.readonly","https://www.googleapis.com/auth/firebase","openid"]
[debug] [2021-03-11T06:20:23.356Z] >>> HTTP REQUEST POST https://www.googleapis.com/oauth2/v3/token  
 <request body omitted>
[debug] [2021-03-11T06:20:23.487Z] <<< HTTP RESPONSE 200 {"expires":"Mon, 01 Jan 1990 00:00:00 GMT","date":"Thu, 11 Mar 2021 06:20:23 GMT","cache-control":"no-cache, no-store, max-age=0, must-revalidate","pragma":"no-cache","content-type":"application/json; charset=utf-8","vary":"X-Origin, Referer, Origin,Accept-Encoding","server":"scaffolding on HTTPServer2","x-xss-protection":"0","x-frame-options":"SAMEORIGIN","x-content-type-options":"nosniff","alt-svc":"h3-29=\":443\"; ma=2592000,h3-T051=\":443\"; ma=2592000,h3-Q050=\":443\"; ma=2592000,h3-Q046=\":443\"; ma=2592000,h3-Q043=\":443\"; ma=2592000,quic=\":443\"; ma=2592000; v=\"46,43\"","accept-ranges":"none","transfer-encoding":"chunked"}
[debug] [2021-03-11T06:20:23.513Z] >>> HTTP REQUEST GET https://firebasedatabase.googleapis.com/v1beta/projects/vent-with-strangers-2acc6/locations/-/instances/vent-with-strangers-2acc6  
 
[debug] [2021-03-11T06:20:23.838Z] <<< HTTP RESPONSE 200 {"content-type":"application/json; charset=UTF-8","vary":"X-Origin, Referer, Origin,Accept-Encoding","date":"Thu, 11 Mar 2021 06:20:23 GMT","server":"ESF","cache-control":"private","x-xss-protection":"0","x-frame-options":"SAMEORIGIN","x-content-type-options":"nosniff","alt-svc":"h3-29=\":443\"; ma=2592000,h3-T051=\":443\"; ma=2592000,h3-Q050=\":443\"; ma=2592000,h3-Q046=\":443\"; ma=2592000,h3-Q043=\":443\"; ma=2592000,quic=\":443\"; ma=2592000; v=\"46,43\"","accept-ranges":"none","transfer-encoding":"chunked"}
[debug] [2021-03-11T06:20:23.845Z] >>> HTTP REQUEST PUT https://vent-with-strangers-2acc6.firebaseio.com/.settings/rules.json  
 {
  "rules": {
    ".read": true,
    ".write": true,
    "comments": {
      ".indexOn": ["server_timestamp", "userID", "ventID"]
    },
    "vents": {
      ".indexOn": ["like_counter", "server_timestamp"]
    }
  }
}

[debug] [2021-03-11T06:20:24.286Z] <<< HTTP RESPONSE 200 {"server":"nginx","date":"Thu, 11 Mar 2021 06:20:24 GMT","content-type":"application/json; charset=utf-8","content-length":"15","connection":"keep-alive","access-control-allow-origin":"*","cache-control":"no-cache","strict-transport-security":"max-age=31556926; includeSubDomains; preload"}
[info] ✔  database: rules for database vent-with-strangers-2acc6 released successfully 
[debug] [2021-03-11T06:20:24.289Z] [rules] releasing firebase.storage/vent-with-strangers-2acc6.appspot.com with ruleset projects/vent-with-strangers-2acc6/rulesets/dd36e550-5071-4d2f-9ff2-a447ac08d726
[debug] [2021-03-11T06:20:24.290Z] >>> HTTP REQUEST PATCH https://firebaserules.googleapis.com/v1/projects/vent-with-strangers-2acc6/releases/firebase.storage/vent-with-strangers-2acc6.appspot.com  
 {"release":{"name":"projects/vent-with-strangers-2acc6/releases/firebase.storage/vent-with-strangers-2acc6.appspot.com","rulesetName":"projects/vent-with-strangers-2acc6/rulesets/dd36e550-5071-4d2f-9ff2-a447ac08d726"}}
[debug] [2021-03-11T06:20:24.544Z] <<< HTTP RESPONSE 200 {"content-type":"application/json; charset=UTF-8","vary":"X-Origin, Referer, Origin,Accept-Encoding","date":"Thu, 11 Mar 2021 06:20:24 GMT","server":"ESF","cache-control":"private","x-xss-protection":"0","x-frame-options":"SAMEORIGIN","x-content-type-options":"nosniff","alt-svc":"h3-29=\":443\"; ma=2592000,h3-T051=\":443\"; ma=2592000,h3-Q050=\":443\"; ma=2592000,h3-Q046=\":443\"; ma=2592000,h3-Q043=\":443\"; ma=2592000,quic=\":443\"; ma=2592000; v=\"46,43\"","accept-ranges":"none","transfer-encoding":"chunked"}
[debug] [2021-03-11T06:20:24.545Z] [rules] updated release projects/vent-with-strangers-2acc6/releases/firebase.storage/vent-with-strangers-2acc6.appspot.com
[info] ✔  storage: released rules storage.rules to firebase.storage 
[debug] [2021-03-11T06:20:24.547Z] [rules] releasing cloud.firestore with ruleset projects/vent-with-strangers-2acc6/rulesets/167833e4-3691-477a-88f3-56a704e1eea7
[debug] [2021-03-11T06:20:24.547Z] >>> HTTP REQUEST PATCH https://firebaserules.googleapis.com/v1/projects/vent-with-strangers-2acc6/releases/cloud.firestore  
 {"release":{"name":"projects/vent-with-strangers-2acc6/releases/cloud.firestore","rulesetName":"projects/vent-with-strangers-2acc6/rulesets/167833e4-3691-477a-88f3-56a704e1eea7"}}
[debug] [2021-03-11T06:20:24.769Z] <<< HTTP RESPONSE 200 {"content-type":"application/json; charset=UTF-8","vary":"X-Origin, Referer, Origin,Accept-Encoding","date":"Thu, 11 Mar 2021 06:20:24 GMT","server":"ESF","cache-control":"private","x-xss-protection":"0","x-frame-options":"SAMEORIGIN","x-content-type-options":"nosniff","alt-svc":"h3-29=\":443\"; ma=2592000,h3-T051=\":443\"; ma=2592000,h3-Q050=\":443\"; ma=2592000,h3-Q046=\":443\"; ma=2592000,h3-Q043=\":443\"; ma=2592000,quic=\":443\"; ma=2592000; v=\"46,43\"","accept-ranges":"none","transfer-encoding":"chunked"}
[debug] [2021-03-11T06:20:24.771Z] [rules] updated release projects/vent-with-strangers-2acc6/releases/cloud.firestore
[info] ✔  firestore: released rules firestore.rules to cloud.firestore 
[info] i  functions: creating Node.js 14 (Beta) function updatedConversationListener(us-central1)... 
[debug] [2021-03-11T06:20:24.779Z] Trigger is:  {"eventTrigger":{"resource":"projects/vent-with-strangers-2acc6/databases/(default)/documents/conversations/{conversationID}","eventType":"providers/cloud.firestore/eventTypes/document.create","service":"firestore.googleapis.com"}}
[info] i  functions: updating Node.js 14 (Beta) function newCommentListener(us-central1)... 
[debug] [2021-03-11T06:20:24.780Z] Trigger is:  {"eventTrigger":{"resource":"projects/vent-with-strangers-2acc6/databases/(default)/documents/comments/{commentID}","eventType":"providers/cloud.firestore/eventTypes/document.create","service":"firestore.googleapis.com"}}
[info] i  functions: updating Node.js 14 (Beta) function newVentListener(us-central1)... 
[debug] [2021-03-11T06:20:24.781Z] Trigger is:  {"eventTrigger":{"resource":"projects/vent-with-strangers-2acc6/databases/(default)/documents/vents/{ventID}","eventType":"providers/cloud.firestore/eventTypes/document.create","service":"firestore.googleapis.com"}}
[info] i  functions: updating Node.js 14 (Beta) function newVentLikeListener(us-central1)... 
[debug] [2021-03-11T06:20:24.781Z] Trigger is:  {"eventTrigger":{"resource":"projects/vent-with-strangers-2acc6/databases/(default)/documents/vent_likes/{ventIDuserID}","eventType":"providers/cloud.firestore/eventTypes/document.create","service":"firestore.googleapis.com"}}
[info] i  functions: updating Node.js 14 (Beta) function cronUpdateSitemap(us-central1)... 
[debug] [2021-03-11T06:20:24.781Z] Trigger is:  {"eventTrigger":{"resource":"projects/vent-with-strangers-2acc6/topics/firebase-schedule-cronUpdateSitemap-us-central1","eventType":"google.pubsub.topic.publish","service":"pubsub.googleapis.com"}}
[info] i  functions: updating Node.js 14 (Beta) function app(us-central1)... 
[debug] [2021-03-11T06:20:24.782Z] Trigger is:  {"httpsTrigger":{}}
[info] i  scheduler: ensuring required API cloudscheduler.googleapis.com is enabled... 
[info] i  pubsub: ensuring required API pubsub.googleapis.com is enabled... 
[debug] [2021-03-11T06:20:24.783Z] >>> HTTP REQUEST GET https://serviceusage.googleapis.com/v1/projects/vent-with-strangers-2acc6/services/cloudscheduler.googleapis.com  
 
[debug] [2021-03-11T06:20:24.784Z] >>> HTTP REQUEST GET https://serviceusage.googleapis.com/v1/projects/vent-with-strangers-2acc6/services/pubsub.googleapis.com  
 
[debug] [2021-03-11T06:20:25.154Z] <<< HTTP RESPONSE 200 {"content-type":"application/json; charset=UTF-8","vary":"X-Origin, Referer, Origin,Accept-Encoding","date":"Thu, 11 Mar 2021 06:20:25 GMT","server":"ESF","cache-control":"private","x-xss-protection":"0","x-frame-options":"SAMEORIGIN","x-content-type-options":"nosniff","alt-svc":"h3-29=\":443\"; ma=2592000,h3-T051=\":443\"; ma=2592000,h3-Q050=\":443\"; ma=2592000,h3-Q046=\":443\"; ma=2592000,h3-Q043=\":443\"; ma=2592000,quic=\":443\"; ma=2592000; v=\"46,43\"","accept-ranges":"none","transfer-encoding":"chunked"}
[info] ✔  scheduler: required API cloudscheduler.googleapis.com is enabled 
[debug] [2021-03-11T06:20:25.164Z] <<< HTTP RESPONSE 200 {"content-type":"application/json; charset=UTF-8","vary":"X-Origin, Referer, Origin,Accept-Encoding","date":"Thu, 11 Mar 2021 06:20:25 GMT","server":"ESF","cache-control":"private","x-xss-protection":"0","x-frame-options":"SAMEORIGIN","x-content-type-options":"nosniff","alt-svc":"h3-29=\":443\"; ma=2592000,h3-T051=\":443\"; ma=2592000,h3-Q050=\":443\"; ma=2592000,h3-Q046=\":443\"; ma=2592000,h3-Q043=\":443\"; ma=2592000,quic=\":443\"; ma=2592000; v=\"46,43\"","accept-ranges":"none","transfer-encoding":"chunked"}
[info] ✔  pubsub: required API pubsub.googleapis.com is enabled 
[debug] [2021-03-11T06:20:25.167Z] >>> HTTP REQUEST GET https://cloudscheduler.googleapis.com/v1beta1/projects/vent-with-strangers-2acc6/locations/us-central1/jobs/firebase-schedule-cronUpdateSitemap-us-central1  
 
[debug] [2021-03-11T06:20:25.408Z] <<< HTTP RESPONSE 200 {"content-type":"application/json; charset=UTF-8","vary":"X-Origin, Referer, Origin,Accept-Encoding","date":"Thu, 11 Mar 2021 06:20:25 GMT","server":"ESF","cache-control":"private","x-xss-protection":"0","x-frame-options":"SAMEORIGIN","x-content-type-options":"nosniff","alt-svc":"h3-29=\":443\"; ma=2592000,h3-T051=\":443\"; ma=2592000,h3-Q050=\":443\"; ma=2592000,h3-Q046=\":443\"; ma=2592000,h3-Q043=\":443\"; ma=2592000,quic=\":443\"; ma=2592000; v=\"46,43\"","accept-ranges":"none","transfer-encoding":"chunked"}
[info] i  functions: scheduler job firebase-schedule-cronUpdateSitemap-us-central1 is up to date, no changes required 
[debug] [2021-03-11T06:20:25.417Z] >>> HTTP REQUEST POST https://cloudfunctions.googleapis.com/v1/projects/vent-with-strangers-2acc6/locations/us-central1/functions  
 {"sourceUploadUrl":"https://storage.googleapis.com/gcf-upload-us-central1-ae5dd07a-a364-4698-8f9e-69d59d9e03d0/c7fd8218-cb52-41d4-a553-9852f4701487.zip?GoogleAccessId=service-440569980458@gcf-admin-robot.iam.gserviceaccount.com&Expires=1615445421&Signature=wt1VaKYeXj2Ewkosi19WMb1IcjzxFk4UyGi8A6RSyb8Z0GuQ2w%2BoUgIksHTv5OdezOuQWwKQkA3fw7AZJIzfYGzLFPophtpZVxfuPOMRqEijkn7zbc0DPIU84NcxkUil2scR8V9qGsMFgf8Ry%2B7gZ9LXe9XsGH8HEzYIPqkq1sy%2F6GsfV7yXPJAYYEBCmXEe8DL19a38oQnIIIyZ8R9IsOPvBfYomtgqdwupBRSNHyB%2BHOvs0nHh8YZuW4K5u%2BFfxil9FGj6FYgHB71yiBIzeQ9bp411roR2XRKh5m5%2BnegVWj9GWCu7d%2FmLI6erxdh11PEf5J9cfi0lnkaqUxwyeg%3D%3D","name":"projects/vent-with-strangers-2acc6/locations/us-central1/functions/updatedConversationListener","entryPoint":"updatedConversationListener","labels":{"deployment-tool":"cli-firebase"},"runtime":"nodejs14","environmentVariables":{"FIREBASE_CONFIG":"{\"projectId\":\"vent-with-strangers-2acc6\",\"databaseURL\":\"https://vent-with-strangers-2acc6.firebaseio.com\",\"storageBucket\":\"vent-with-strangers-2acc6.appspot.com\",\"locationId\":\"us-central\"}"},"eventTrigger":{"resource":"projects/vent-with-strangers-2acc6/databases/(default)/documents/conversations/{conversationID}","eventType":"providers/cloud.firestore/eventTypes/document.create","service":"firestore.googleapis.com"}}
[debug] [2021-03-11T06:20:25.419Z] >>> HTTP REQUEST PATCH https://cloudfunctions.googleapis.com/v1/projects/vent-with-strangers-2acc6/locations/us-central1/functions/newCommentListener {"updateMask":"sourceUploadUrl,name,labels,runtime,environmentVariables,eventTrigger.resource,eventTrigger.eventType,eventTrigger.service,eventTrigger.failurePolicy"} 
 {"sourceUploadUrl":"https://storage.googleapis.com/gcf-upload-us-central1-ae5dd07a-a364-4698-8f9e-69d59d9e03d0/c7fd8218-cb52-41d4-a553-9852f4701487.zip?GoogleAccessId=service-440569980458@gcf-admin-robot.iam.gserviceaccount.com&Expires=1615445421&Signature=wt1VaKYeXj2Ewkosi19WMb1IcjzxFk4UyGi8A6RSyb8Z0GuQ2w%2BoUgIksHTv5OdezOuQWwKQkA3fw7AZJIzfYGzLFPophtpZVxfuPOMRqEijkn7zbc0DPIU84NcxkUil2scR8V9qGsMFgf8Ry%2B7gZ9LXe9XsGH8HEzYIPqkq1sy%2F6GsfV7yXPJAYYEBCmXEe8DL19a38oQnIIIyZ8R9IsOPvBfYomtgqdwupBRSNHyB%2BHOvs0nHh8YZuW4K5u%2BFfxil9FGj6FYgHB71yiBIzeQ9bp411roR2XRKh5m5%2BnegVWj9GWCu7d%2FmLI6erxdh11PEf5J9cfi0lnkaqUxwyeg%3D%3D","name":"projects/vent-with-strangers-2acc6/locations/us-central1/functions/newCommentListener","labels":{"deployment-tool":"cli-firebase"},"eventTrigger":{"resource":"projects/vent-with-strangers-2acc6/databases/(default)/documents/comments/{commentID}","eventType":"providers/cloud.firestore/eventTypes/document.create","service":"firestore.googleapis.com"},"runtime":"nodejs14","environmentVariables":{"FIREBASE_CONFIG":"{\"projectId\":\"vent-with-strangers-2acc6\",\"databaseURL\":\"https://vent-with-strangers-2acc6.firebaseio.com\",\"storageBucket\":\"vent-with-strangers-2acc6.appspot.com\",\"locationId\":\"us-central\"}"}}
[debug] [2021-03-11T06:20:25.420Z] >>> HTTP REQUEST PATCH https://cloudfunctions.googleapis.com/v1/projects/vent-with-strangers-2acc6/locations/us-central1/functions/newVentListener {"updateMask":"sourceUploadUrl,name,labels,runtime,environmentVariables,eventTrigger.resource,eventTrigger.eventType,eventTrigger.service,eventTrigger.failurePolicy"} 
 {"sourceUploadUrl":"https://storage.googleapis.com/gcf-upload-us-central1-ae5dd07a-a364-4698-8f9e-69d59d9e03d0/c7fd8218-cb52-41d4-a553-9852f4701487.zip?GoogleAccessId=service-440569980458@gcf-admin-robot.iam.gserviceaccount.com&Expires=1615445421&Signature=wt1VaKYeXj2Ewkosi19WMb1IcjzxFk4UyGi8A6RSyb8Z0GuQ2w%2BoUgIksHTv5OdezOuQWwKQkA3fw7AZJIzfYGzLFPophtpZVxfuPOMRqEijkn7zbc0DPIU84NcxkUil2scR8V9qGsMFgf8Ry%2B7gZ9LXe9XsGH8HEzYIPqkq1sy%2F6GsfV7yXPJAYYEBCmXEe8DL19a38oQnIIIyZ8R9IsOPvBfYomtgqdwupBRSNHyB%2BHOvs0nHh8YZuW4K5u%2BFfxil9FGj6FYgHB71yiBIzeQ9bp411roR2XRKh5m5%2BnegVWj9GWCu7d%2FmLI6erxdh11PEf5J9cfi0lnkaqUxwyeg%3D%3D","name":"projects/vent-with-strangers-2acc6/locations/us-central1/functions/newVentListener","labels":{"deployment-tool":"cli-firebase"},"eventTrigger":{"resource":"projects/vent-with-strangers-2acc6/databases/(default)/documents/vents/{ventID}","eventType":"providers/cloud.firestore/eventTypes/document.create","service":"firestore.googleapis.com"},"runtime":"nodejs14","environmentVariables":{"FIREBASE_CONFIG":"{\"projectId\":\"vent-with-strangers-2acc6\",\"databaseURL\":\"https://vent-with-strangers-2acc6.firebaseio.com\",\"storageBucket\":\"vent-with-strangers-2acc6.appspot.com\",\"locationId\":\"us-central\"}"}}
[debug] [2021-03-11T06:20:25.421Z] >>> HTTP REQUEST PATCH https://cloudfunctions.googleapis.com/v1/projects/vent-with-strangers-2acc6/locations/us-central1/functions/newVentLikeListener {"updateMask":"sourceUploadUrl,name,labels,runtime,environmentVariables,eventTrigger.resource,eventTrigger.eventType,eventTrigger.service,eventTrigger.failurePolicy"} 
 {"sourceUploadUrl":"https://storage.googleapis.com/gcf-upload-us-central1-ae5dd07a-a364-4698-8f9e-69d59d9e03d0/c7fd8218-cb52-41d4-a553-9852f4701487.zip?GoogleAccessId=service-440569980458@gcf-admin-robot.iam.gserviceaccount.com&Expires=1615445421&Signature=wt1VaKYeXj2Ewkosi19WMb1IcjzxFk4UyGi8A6RSyb8Z0GuQ2w%2BoUgIksHTv5OdezOuQWwKQkA3fw7AZJIzfYGzLFPophtpZVxfuPOMRqEijkn7zbc0DPIU84NcxkUil2scR8V9qGsMFgf8Ry%2B7gZ9LXe9XsGH8HEzYIPqkq1sy%2F6GsfV7yXPJAYYEBCmXEe8DL19a38oQnIIIyZ8R9IsOPvBfYomtgqdwupBRSNHyB%2BHOvs0nHh8YZuW4K5u%2BFfxil9FGj6FYgHB71yiBIzeQ9bp411roR2XRKh5m5%2BnegVWj9GWCu7d%2FmLI6erxdh11PEf5J9cfi0lnkaqUxwyeg%3D%3D","name":"projects/vent-with-strangers-2acc6/locations/us-central1/functions/newVentLikeListener","labels":{"deployment-tool":"cli-firebase"},"eventTrigger":{"resource":"projects/vent-with-strangers-2acc6/databases/(default)/documents/vent_likes/{ventIDuserID}","eventType":"providers/cloud.firestore/eventTypes/document.create","service":"firestore.googleapis.com"},"runtime":"nodejs14","environmentVariables":{"FIREBASE_CONFIG":"{\"projectId\":\"vent-with-strangers-2acc6\",\"databaseURL\":\"https://vent-with-strangers-2acc6.firebaseio.com\",\"storageBucket\":\"vent-with-strangers-2acc6.appspot.com\",\"locationId\":\"us-central\"}"}}
[debug] [2021-03-11T06:20:25.426Z] >>> HTTP REQUEST PATCH https://cloudfunctions.googleapis.com/v1/projects/vent-with-strangers-2acc6/locations/us-central1/functions/cronUpdateSitemap {"updateMask":"sourceUploadUrl,name,labels,runtime,environmentVariables,eventTrigger.resource,eventTrigger.eventType,eventTrigger.service,eventTrigger.failurePolicy"} 
 {"sourceUploadUrl":"https://storage.googleapis.com/gcf-upload-us-central1-ae5dd07a-a364-4698-8f9e-69d59d9e03d0/c7fd8218-cb52-41d4-a553-9852f4701487.zip?GoogleAccessId=service-440569980458@gcf-admin-robot.iam.gserviceaccount.com&Expires=1615445421&Signature=wt1VaKYeXj2Ewkosi19WMb1IcjzxFk4UyGi8A6RSyb8Z0GuQ2w%2BoUgIksHTv5OdezOuQWwKQkA3fw7AZJIzfYGzLFPophtpZVxfuPOMRqEijkn7zbc0DPIU84NcxkUil2scR8V9qGsMFgf8Ry%2B7gZ9LXe9XsGH8HEzYIPqkq1sy%2F6GsfV7yXPJAYYEBCmXEe8DL19a38oQnIIIyZ8R9IsOPvBfYomtgqdwupBRSNHyB%2BHOvs0nHh8YZuW4K5u%2BFfxil9FGj6FYgHB71yiBIzeQ9bp411roR2XRKh5m5%2BnegVWj9GWCu7d%2FmLI6erxdh11PEf5J9cfi0lnkaqUxwyeg%3D%3D","name":"projects/vent-with-strangers-2acc6/locations/us-central1/functions/cronUpdateSitemap","labels":{"deployment-tool":"cli-firebase","deployment-scheduled":"true"},"eventTrigger":{"resource":"projects/vent-with-strangers-2acc6/topics/firebase-schedule-cronUpdateSitemap-us-central1","eventType":"google.pubsub.topic.publish","service":"pubsub.googleapis.com"},"runtime":"nodejs14","environmentVariables":{"FIREBASE_CONFIG":"{\"projectId\":\"vent-with-strangers-2acc6\",\"databaseURL\":\"https://vent-with-strangers-2acc6.firebaseio.com\",\"storageBucket\":\"vent-with-strangers-2acc6.appspot.com\",\"locationId\":\"us-central\"}"}}
[debug] [2021-03-11T06:20:25.427Z] >>> HTTP REQUEST PATCH https://cloudfunctions.googleapis.com/v1/projects/vent-with-strangers-2acc6/locations/us-central1/functions/app {"updateMask":"sourceUploadUrl,name,labels,runtime,environmentVariables,httpsTrigger"} 
 {"sourceUploadUrl":"https://storage.googleapis.com/gcf-upload-us-central1-ae5dd07a-a364-4698-8f9e-69d59d9e03d0/c7fd8218-cb52-41d4-a553-9852f4701487.zip?GoogleAccessId=service-440569980458@gcf-admin-robot.iam.gserviceaccount.com&Expires=1615445421&Signature=wt1VaKYeXj2Ewkosi19WMb1IcjzxFk4UyGi8A6RSyb8Z0GuQ2w%2BoUgIksHTv5OdezOuQWwKQkA3fw7AZJIzfYGzLFPophtpZVxfuPOMRqEijkn7zbc0DPIU84NcxkUil2scR8V9qGsMFgf8Ry%2B7gZ9LXe9XsGH8HEzYIPqkq1sy%2F6GsfV7yXPJAYYEBCmXEe8DL19a38oQnIIIyZ8R9IsOPvBfYomtgqdwupBRSNHyB%2BHOvs0nHh8YZuW4K5u%2BFfxil9FGj6FYgHB71yiBIzeQ9bp411roR2XRKh5m5%2BnegVWj9GWCu7d%2FmLI6erxdh11PEf5J9cfi0lnkaqUxwyeg%3D%3D","name":"projects/vent-with-strangers-2acc6/locations/us-central1/functions/app","labels":{"deployment-tool":"cli-firebase"},"httpsTrigger":{},"runtime":"nodejs14","environmentVariables":{"FIREBASE_CONFIG":"{\"projectId\":\"vent-with-strangers-2acc6\",\"databaseURL\":\"https://vent-with-strangers-2acc6.firebaseio.com\",\"storageBucket\":\"vent-with-strangers-2acc6.appspot.com\",\"locationId\":\"us-central\"}"}}
[debug] [2021-03-11T06:20:26.240Z] <<< HTTP RESPONSE 200 {"content-type":"application/json; charset=UTF-8","vary":"X-Origin, Referer, Origin,Accept-Encoding","date":"Thu, 11 Mar 2021 06:20:26 GMT","server":"ESF","cache-control":"private","x-xss-protection":"0","x-frame-options":"SAMEORIGIN","x-content-type-options":"nosniff","alt-svc":"h3-29=\":443\"; ma=2592000,h3-T051=\":443\"; ma=2592000,h3-Q050=\":443\"; ma=2592000,h3-Q046=\":443\"; ma=2592000,h3-Q043=\":443\"; ma=2592000,quic=\":443\"; ma=2592000; v=\"46,43\"","accept-ranges":"none","transfer-encoding":"chunked"}
[debug] [2021-03-11T06:20:26.263Z] <<< HTTP RESPONSE 200 {"content-type":"application/json; charset=UTF-8","vary":"X-Origin, Referer, Origin,Accept-Encoding","date":"Thu, 11 Mar 2021 06:20:26 GMT","server":"ESF","cache-control":"private","x-xss-protection":"0","x-frame-options":"SAMEORIGIN","x-content-type-options":"nosniff","alt-svc":"h3-29=\":443\"; ma=2592000,h3-T051=\":443\"; ma=2592000,h3-Q050=\":443\"; ma=2592000,h3-Q046=\":443\"; ma=2592000,h3-Q043=\":443\"; ma=2592000,quic=\":443\"; ma=2592000; v=\"46,43\"","accept-ranges":"none","transfer-encoding":"chunked"}
[debug] [2021-03-11T06:20:26.265Z] <<< HTTP RESPONSE 200 {"content-type":"application/json; charset=UTF-8","vary":"X-Origin, Referer, Origin,Accept-Encoding","date":"Thu, 11 Mar 2021 06:20:26 GMT","server":"ESF","cache-control":"private","x-xss-protection":"0","x-frame-options":"SAMEORIGIN","x-content-type-options":"nosniff","alt-svc":"h3-29=\":443\"; ma=2592000,h3-T051=\":443\"; ma=2592000,h3-Q050=\":443\"; ma=2592000,h3-Q046=\":443\"; ma=2592000,h3-Q043=\":443\"; ma=2592000,quic=\":443\"; ma=2592000; v=\"46,43\"","accept-ranges":"none","transfer-encoding":"chunked"}
[debug] [2021-03-11T06:20:26.322Z] <<< HTTP RESPONSE 200 {"content-type":"application/json; charset=UTF-8","vary":"X-Origin, Referer, Origin,Accept-Encoding","date":"Thu, 11 Mar 2021 06:20:26 GMT","server":"ESF","cache-control":"private","x-xss-protection":"0","x-frame-options":"SAMEORIGIN","x-content-type-options":"nosniff","alt-svc":"h3-29=\":443\"; ma=2592000,h3-T051=\":443\"; ma=2592000,h3-Q050=\":443\"; ma=2592000,h3-Q046=\":443\"; ma=2592000,h3-Q043=\":443\"; ma=2592000,quic=\":443\"; ma=2592000; v=\"46,43\"","accept-ranges":"none","transfer-encoding":"chunked"}
[debug] [2021-03-11T06:20:26.323Z] <<< HTTP RESPONSE 200 {"content-type":"application/json; charset=UTF-8","vary":"X-Origin, Referer, Origin,Accept-Encoding","date":"Thu, 11 Mar 2021 06:20:26 GMT","server":"ESF","cache-control":"private","x-xss-protection":"0","x-frame-options":"SAMEORIGIN","x-content-type-options":"nosniff","alt-svc":"h3-29=\":443\"; ma=2592000,h3-T051=\":443\"; ma=2592000,h3-Q050=\":443\"; ma=2592000,h3-Q046=\":443\"; ma=2592000,h3-Q043=\":443\"; ma=2592000,quic=\":443\"; ma=2592000; v=\"46,43\"","accept-ranges":"none","transfer-encoding":"chunked"}
[debug] [2021-03-11T06:20:26.342Z] <<< HTTP RESPONSE 200 {"content-type":"application/json; charset=UTF-8","vary":"X-Origin, Referer, Origin,Accept-Encoding","date":"Thu, 11 Mar 2021 06:20:26 GMT","server":"ESF","cache-control":"private","x-xss-protection":"0","x-frame-options":"SAMEORIGIN","x-content-type-options":"nosniff","alt-svc":"h3-29=\":443\"; ma=2592000,h3-T051=\":443\"; ma=2592000,h3-Q050=\":443\"; ma=2592000,h3-Q046=\":443\"; ma=2592000,h3-Q043=\":443\"; ma=2592000,quic=\":443\"; ma=2592000; v=\"46,43\"","accept-ranges":"none","transfer-encoding":"chunked"}
[debug] [2021-03-11T06:20:26.346Z] >>> HTTP REQUEST GET https://cloudfunctions.googleapis.com/v1/projects/vent-with-strangers-2acc6/locations/-/functions  
 
[debug] [2021-03-11T06:20:26.828Z] <<< HTTP RESPONSE 200 {"content-type":"application/json; charset=UTF-8","vary":"X-Origin, Referer, Origin,Accept-Encoding","date":"Thu, 11 Mar 2021 06:20:26 GMT","server":"ESF","cache-control":"private","x-xss-protection":"0","x-frame-options":"SAMEORIGIN","x-content-type-options":"nosniff","alt-svc":"h3-29=\":443\"; ma=2592000,h3-T051=\":443\"; ma=2592000,h3-Q050=\":443\"; ma=2592000,h3-Q046=\":443\"; ma=2592000,h3-Q043=\":443\"; ma=2592000,quic=\":443\"; ma=2592000; v=\"46,43\"","accept-ranges":"none","transfer-encoding":"chunked"}
[debug] [2021-03-11T06:20:26.831Z] >>> HTTP REQUEST GET https://cloudfunctions.googleapis.com/v1/operations/dmVudC13aXRoLXN0cmFuZ2Vycy0yYWNjNi91cy1jZW50cmFsMS91cGRhdGVkQ29udmVyc2F0aW9uTGlzdGVuZXIvVUtOQW5jU2JPT2s  
 
[debug] [2021-03-11T06:20:26.831Z] >>> HTTP REQUEST GET https://cloudfunctions.googleapis.com/v1/operations/dmVudC13aXRoLXN0cmFuZ2Vycy0yYWNjNi91cy1jZW50cmFsMS9uZXdDb21tZW50TGlzdGVuZXIvRS1DOTJ1T0JkcHM  
 
[debug] [2021-03-11T06:20:26.832Z] >>> HTTP REQUEST GET https://cloudfunctions.googleapis.com/v1/operations/dmVudC13aXRoLXN0cmFuZ2Vycy0yYWNjNi91cy1jZW50cmFsMS9uZXdWZW50TGlzdGVuZXIvVEg4V0tjUlZ3Tjg  
 
[debug] [2021-03-11T06:20:26.832Z] >>> HTTP REQUEST GET https://cloudfunctions.googleapis.com/v1/operations/dmVudC13aXRoLXN0cmFuZ2Vycy0yYWNjNi91cy1jZW50cmFsMS9uZXdWZW50TGlrZUxpc3RlbmVyL20wb01ZdUNiNXlj  
 
[debug] [2021-03-11T06:20:26.832Z] >>> HTTP REQUEST GET https://cloudfunctions.googleapis.com/v1/operations/dmVudC13aXRoLXN0cmFuZ2Vycy0yYWNjNi91cy1jZW50cmFsMS9jcm9uVXBkYXRlU2l0ZW1hcC9HY2E1YWV5VEhDSQ  
 
[debug] [2021-03-11T06:20:26.833Z] >>> HTTP REQUEST GET https://cloudfunctions.googleapis.com/v1/operations/dmVudC13aXRoLXN0cmFuZ2Vycy0yYWNjNi91cy1jZW50cmFsMS9hcHAvYnJwYzIySlAwMm8  
 
[debug] [2021-03-11T06:20:26.986Z] <<< HTTP RESPONSE 200 {"content-type":"application/json; charset=UTF-8","vary":"X-Origin, Referer, Origin,Accept-Encoding","date":"Thu, 11 Mar 2021 06:20:27 GMT","server":"ESF","cache-control":"private","x-xss-protection":"0","x-frame-options":"SAMEORIGIN","x-content-type-options":"nosniff","alt-svc":"h3-29=\":443\"; ma=2592000,h3-T051=\":443\"; ma=2592000,h3-Q050=\":443\"; ma=2592000,h3-Q046=\":443\"; ma=2592000,h3-Q043=\":443\"; ma=2592000,quic=\":443\"; ma=2592000; v=\"46,43\"","accept-ranges":"none","transfer-encoding":"chunked"}
[debug] [2021-03-11T06:20:26.989Z] <<< HTTP RESPONSE 200 {"content-type":"application/json; charset=UTF-8","vary":"X-Origin, Referer, Origin,Accept-Encoding","date":"Thu, 11 Mar 2021 06:20:27 GMT","server":"ESF","cache-control":"private","x-xss-protection":"0","x-frame-options":"SAMEORIGIN","x-content-type-options":"nosniff","alt-svc":"h3-29=\":443\"; ma=2592000,h3-T051=\":443\"; ma=2592000,h3-Q050=\":443\"; ma=2592000,h3-Q046=\":443\"; ma=2592000,h3-Q043=\":443\"; ma=2592000,quic=\":443\"; ma=2592000; v=\"46,43\"","accept-ranges":"none","transfer-encoding":"chunked"}
[debug] [2021-03-11T06:20:26.991Z] <<< HTTP RESPONSE 200 {"content-type":"application/json; charset=UTF-8","vary":"X-Origin, Referer, Origin,Accept-Encoding","date":"Thu, 11 Mar 2021 06:20:27 GMT","server":"ESF","cache-control":"private","x-xss-protection":"0","x-frame-options":"SAMEORIGIN","x-content-type-options":"nosniff","alt-svc":"h3-29=\":443\"; ma=2592000,h3-T051=\":443\"; ma=2592000,h3-Q050=\":443\"; ma=2592000,h3-Q046=\":443\"; ma=2592000,h3-Q043=\":443\"; ma=2592000,quic=\":443\"; ma=2592000; v=\"46,43\"","accept-ranges":"none","transfer-encoding":"chunked"}
[debug] [2021-03-11T06:20:27.007Z] <<< HTTP RESPONSE 200 {"content-type":"application/json; charset=UTF-8","vary":"X-Origin, Referer, Origin,Accept-Encoding","date":"Thu, 11 Mar 2021 06:20:27 GMT","server":"ESF","cache-control":"private","x-xss-protection":"0","x-frame-options":"SAMEORIGIN","x-content-type-options":"nosniff","alt-svc":"h3-29=\":443\"; ma=2592000,h3-T051=\":443\"; ma=2592000,h3-Q050=\":443\"; ma=2592000,h3-Q046=\":443\"; ma=2592000,h3-Q043=\":443\"; ma=2592000,quic=\":443\"; ma=2592000; v=\"46,43\"","accept-ranges":"none","transfer-encoding":"chunked"}
[debug] [2021-03-11T06:20:27.030Z] <<< HTTP RESPONSE 200 {"content-type":"application/json; charset=UTF-8","vary":"X-Origin, Referer, Origin,Accept-Encoding","date":"Thu, 11 Mar 2021 06:20:27 GMT","server":"ESF","cache-control":"private","x-xss-protection":"0","x-frame-options":"SAMEORIGIN","x-content-type-options":"nosniff","alt-svc":"h3-29=\":443\"; ma=2592000,h3-T051=\":443\"; ma=2592000,h3-Q050=\":443\"; ma=2592000,h3-Q046=\":443\"; ma=2592000,h3-Q043=\":443\"; ma=2592000,quic=\":443\"; ma=2592000; v=\"46,43\"","accept-ranges":"none","transfer-encoding":"chunked"}
[debug] [2021-03-11T06:20:27.034Z] <<< HTTP RESPONSE 200 {"content-type":"application/json; charset=UTF-8","vary":"X-Origin, Referer, Origin,Accept-Encoding","date":"Thu, 11 Mar 2021 06:20:27 GMT","server":"ESF","cache-control":"private","x-xss-protection":"0","x-frame-options":"SAMEORIGIN","x-content-type-options":"nosniff","alt-svc":"h3-29=\":443\"; ma=2592000,h3-T051=\":443\"; ma=2592000,h3-Q050=\":443\"; ma=2592000,h3-Q046=\":443\"; ma=2592000,h3-Q043=\":443\"; ma=2592000,quic=\":443\"; ma=2592000; v=\"46,43\"","accept-ranges":"none","transfer-encoding":"chunked"}
[debug] [2021-03-11T06:20:28.996Z] >>> HTTP REQUEST GET https://cloudfunctions.googleapis.com/v1/operations/dmVudC13aXRoLXN0cmFuZ2Vycy0yYWNjNi91cy1jZW50cmFsMS9uZXdWZW50TGlrZUxpc3RlbmVyL20wb01ZdUNiNXlj  
 
[debug] [2021-03-11T06:20:28.998Z] >>> HTTP REQUEST GET https://cloudfunctions.googleapis.com/v1/operations/dmVudC13aXRoLXN0cmFuZ2Vycy0yYWNjNi91cy1jZW50cmFsMS9uZXdWZW50TGlzdGVuZXIvVEg4V0tjUlZ3Tjg  
 
[debug] [2021-03-11T06:20:28.999Z] >>> HTTP REQUEST GET https://cloudfunctions.googleapis.com/v1/operations/dmVudC13aXRoLXN0cmFuZ2Vycy0yYWNjNi91cy1jZW50cmFsMS9hcHAvYnJwYzIySlAwMm8  
 
[debug] [2021-03-11T06:20:29.009Z] >>> HTTP REQUEST GET https://cloudfunctions.googleapis.com/v1/operations/dmVudC13aXRoLXN0cmFuZ2Vycy0yYWNjNi91cy1jZW50cmFsMS9jcm9uVXBkYXRlU2l0ZW1hcC9HY2E1YWV5VEhDSQ  
 
[debug] [2021-03-11T06:20:29.034Z] >>> HTTP REQUEST GET https://cloudfunctions.googleapis.com/v1/operations/dmVudC13aXRoLXN0cmFuZ2Vycy0yYWNjNi91cy1jZW50cmFsMS9uZXdDb21tZW50TGlzdGVuZXIvRS1DOTJ1T0JkcHM  
 
[debug] [2021-03-11T06:20:29.036Z] >>> HTTP REQUEST GET https://cloudfunctions.googleapis.com/v1/operations/dmVudC13aXRoLXN0cmFuZ2Vycy0yYWNjNi91cy1jZW50cmFsMS91cGRhdGVkQ29udmVyc2F0aW9uTGlzdGVuZXIvVUtOQW5jU2JPT2s  
 
[debug] [2021-03-11T06:20:29.150Z] <<< HTTP RESPONSE 200 {"content-type":"application/json; charset=UTF-8","vary":"X-Origin, Referer, Origin,Accept-Encoding","date":"Thu, 11 Mar 2021 06:20:29 GMT","server":"ESF","cache-control":"private","x-xss-protection":"0","x-frame-options":"SAMEORIGIN","x-content-type-options":"nosniff","alt-svc":"h3-29=\":443\"; ma=2592000,h3-T051=\":443\"; ma=2592000,h3-Q050=\":443\"; ma=2592000,h3-Q046=\":443\"; ma=2592000,h3-Q043=\":443\"; ma=2592000,quic=\":443\"; ma=2592000; v=\"46,43\"","accept-ranges":"none","transfer-encoding":"chunked"}
[debug] [2021-03-11T06:20:29.152Z] <<< HTTP RESPONSE 200 {"content-type":"application/json; charset=UTF-8","vary":"X-Origin, Referer, Origin,Accept-Encoding","date":"Thu, 11 Mar 2021 06:20:29 GMT","server":"ESF","cache-control":"private","x-xss-protection":"0","x-frame-options":"SAMEORIGIN","x-content-type-options":"nosniff","alt-svc":"h3-29=\":443\"; ma=2592000,h3-T051=\":443\"; ma=2592000,h3-Q050=\":443\"; ma=2592000,h3-Q046=\":443\"; ma=2592000,h3-Q043=\":443\"; ma=2592000,quic=\":443\"; ma=2592000; v=\"46,43\"","accept-ranges":"none","transfer-encoding":"chunked"}
[debug] [2021-03-11T06:20:29.159Z] <<< HTTP RESPONSE 200 {"content-type":"application/json; charset=UTF-8","vary":"X-Origin, Referer, Origin,Accept-Encoding","date":"Thu, 11 Mar 2021 06:20:29 GMT","server":"ESF","cache-control":"private","x-xss-protection":"0","x-frame-options":"SAMEORIGIN","x-content-type-options":"nosniff","alt-svc":"h3-29=\":443\"; ma=2592000,h3-T051=\":443\"; ma=2592000,h3-Q050=\":443\"; ma=2592000,h3-Q046=\":443\"; ma=2592000,h3-Q043=\":443\"; ma=2592000,quic=\":443\"; ma=2592000; v=\"46,43\"","accept-ranges":"none","transfer-encoding":"chunked"}
[debug] [2021-03-11T06:20:29.162Z] <<< HTTP RESPONSE 200 {"content-type":"application/json; charset=UTF-8","vary":"X-Origin, Referer, Origin,Accept-Encoding","date":"Thu, 11 Mar 2021 06:20:29 GMT","server":"ESF","cache-control":"private","x-xss-protection":"0","x-frame-options":"SAMEORIGIN","x-content-type-options":"nosniff","alt-svc":"h3-29=\":443\"; ma=2592000,h3-T051=\":443\"; ma=2592000,h3-Q050=\":443\"; ma=2592000,h3-Q046=\":443\"; ma=2592000,h3-Q043=\":443\"; ma=2592000,quic=\":443\"; ma=2592000; v=\"46,43\"","accept-ranges":"none","transfer-encoding":"chunked"}
[debug] [2021-03-11T06:20:29.164Z] <<< HTTP RESPONSE 200 {"content-type":"application/json; charset=UTF-8","vary":"X-Origin, Referer, Origin,Accept-Encoding","date":"Thu, 11 Mar 2021 06:20:29 GMT","server":"ESF","cache-control":"private","x-xss-protection":"0","x-frame-options":"SAMEORIGIN","x-content-type-options":"nosniff","alt-svc":"h3-29=\":443\"; ma=2592000,h3-T051=\":443\"; ma=2592000,h3-Q050=\":443\"; ma=2592000,h3-Q046=\":443\"; ma=2592000,h3-Q043=\":443\"; ma=2592000,quic=\":443\"; ma=2592000; v=\"46,43\"","accept-ranges":"none","transfer-encoding":"chunked"}
[debug] [2021-03-11T06:20:29.168Z] <<< HTTP RESPONSE 200 {"content-type":"application/json; charset=UTF-8","vary":"X-Origin, Referer, Origin,Accept-Encoding","date":"Thu, 11 Mar 2021 06:20:29 GMT","server":"ESF","cache-control":"private","x-xss-protection":"0","x-frame-options":"SAMEORIGIN","x-content-type-options":"nosniff","alt-svc":"h3-29=\":443\"; ma=2592000,h3-T051=\":443\"; ma=2592000,h3-Q050=\":443\"; ma=2592000,h3-Q046=\":443\"; ma=2592000,h3-Q043=\":443\"; ma=2592000,quic=\":443\"; ma=2592000; v=\"46,43\"","accept-ranges":"none","transfer-encoding":"chunked"}
[debug] [2021-03-11T06:20:31.156Z] >>> HTTP REQUEST GET https://cloudfunctions.googleapis.com/v1/operations/dmVudC13aXRoLXN0cmFuZ2Vycy0yYWNjNi91cy1jZW50cmFsMS9hcHAvYnJwYzIySlAwMm8  
 
[debug] [2021-03-11T06:20:31.159Z] >>> HTTP REQUEST GET https://cloudfunctions.googleapis.com/v1/operations/dmVudC13aXRoLXN0cmFuZ2Vycy0yYWNjNi91cy1jZW50cmFsMS9uZXdWZW50TGlrZUxpc3RlbmVyL20wb01ZdUNiNXlj  
 
[debug] [2021-03-11T06:20:31.165Z] >>> HTTP REQUEST GET https://cloudfunctions.googleapis.com/v1/operations/dmVudC13aXRoLXN0cmFuZ2Vycy0yYWNjNi91cy1jZW50cmFsMS9uZXdWZW50TGlzdGVuZXIvVEg4V0tjUlZ3Tjg  
 
[debug] [2021-03-11T06:20:31.166Z] >>> HTTP REQUEST GET https://cloudfunctions.googleapis.com/v1/operations/dmVudC13aXRoLXN0cmFuZ2Vycy0yYWNjNi91cy1jZW50cmFsMS9jcm9uVXBkYXRlU2l0ZW1hcC9HY2E1YWV5VEhDSQ  
 
[debug] [2021-03-11T06:20:31.166Z] >>> HTTP REQUEST GET https://cloudfunctions.googleapis.com/v1/operations/dmVudC13aXRoLXN0cmFuZ2Vycy0yYWNjNi91cy1jZW50cmFsMS91cGRhdGVkQ29udmVyc2F0aW9uTGlzdGVuZXIvVUtOQW5jU2JPT2s  
 
[debug] [2021-03-11T06:20:31.173Z] >>> HTTP REQUEST GET https://cloudfunctions.googleapis.com/v1/operations/dmVudC13aXRoLXN0cmFuZ2Vycy0yYWNjNi91cy1jZW50cmFsMS9uZXdDb21tZW50TGlzdGVuZXIvRS1DOTJ1T0JkcHM  
 
[debug] [2021-03-11T06:20:31.327Z] <<< HTTP RESPONSE 200 {"content-type":"application/json; charset=UTF-8","vary":"X-Origin, Referer, Origin,Accept-Encoding","date":"Thu, 11 Mar 2021 06:20:31 GMT","server":"ESF","cache-control":"private","x-xss-protection":"0","x-frame-options":"SAMEORIGIN","x-content-type-options":"nosniff","alt-svc":"h3-29=\":443\"; ma=2592000,h3-T051=\":443\"; ma=2592000,h3-Q050=\":443\"; ma=2592000,h3-Q046=\":443\"; ma=2592000,h3-Q043=\":443\"; ma=2592000,quic=\":443\"; ma=2592000; v=\"46,43\"","accept-ranges":"none","transfer-encoding":"chunked"}
[debug] [2021-03-11T06:20:31.330Z] <<< HTTP RESPONSE 200 {"content-type":"application/json; charset=UTF-8","vary":"X-Origin, Referer, Origin,Accept-Encoding","date":"Thu, 11 Mar 2021 06:20:31 GMT","server":"ESF","cache-control":"private","x-xss-protection":"0","x-frame-options":"SAMEORIGIN","x-content-type-options":"nosniff","alt-svc":"h3-29=\":443\"; ma=2592000,h3-T051=\":443\"; ma=2592000,h3-Q050=\":443\"; ma=2592000,h3-Q046=\":443\"; ma=2592000,h3-Q043=\":443\"; ma=2592000,quic=\":443\"; ma=2592000; v=\"46,43\"","accept-ranges":"none","transfer-encoding":"chunked"}
[debug] [2021-03-11T06:20:31.332Z] <<< HTTP RESPONSE 200 {"content-type":"application/json; charset=UTF-8","vary":"X-Origin, Referer, Origin,Accept-Encoding","date":"Thu, 11 Mar 2021 06:20:31 GMT","server":"ESF","cache-control":"private","x-xss-protection":"0","x-frame-options":"SAMEORIGIN","x-content-type-options":"nosniff","alt-svc":"h3-29=\":443\"; ma=2592000,h3-T051=\":443\"; ma=2592000,h3-Q050=\":443\"; ma=2592000,h3-Q046=\":443\"; ma=2592000,h3-Q043=\":443\"; ma=2592000,quic=\":443\"; ma=2592000; v=\"46,43\"","accept-ranges":"none","transfer-encoding":"chunked"}
[debug] [2021-03-11T06:20:31.337Z] <<< HTTP RESPONSE 200 {"content-type":"application/json; charset=UTF-8","vary":"X-Origin, Referer, Origin,Accept-Encoding","date":"Thu, 11 Mar 2021 06:20:31 GMT","server":"ESF","cache-control":"private","x-xss-protection":"0","x-frame-options":"SAMEORIGIN","x-content-type-options":"nosniff","alt-svc":"h3-29=\":443\"; ma=2592000,h3-T051=\":443\"; ma=2592000,h3-Q050=\":443\"; ma=2592000,h3-Q046=\":443\"; ma=2592000,h3-Q043=\":443\"; ma=2592000,quic=\":443\"; ma=2592000; v=\"46,43\"","accept-ranges":"none","transfer-encoding":"chunked"}
[debug] [2021-03-11T06:20:31.353Z] <<< HTTP RESPONSE 200 {"content-type":"application/json; charset=UTF-8","vary":"X-Origin, Referer, Origin,Accept-Encoding","date":"Thu, 11 Mar 2021 06:20:31 GMT","server":"ESF","cache-control":"private","x-xss-protection":"0","x-frame-options":"SAMEORIGIN","x-content-type-options":"nosniff","alt-svc":"h3-29=\":443\"; ma=2592000,h3-T051=\":443\"; ma=2592000,h3-Q050=\":443\"; ma=2592000,h3-Q046=\":443\"; ma=2592000,h3-Q043=\":443\"; ma=2592000,quic=\":443\"; ma=2592000; v=\"46,43\"","accept-ranges":"none","transfer-encoding":"chunked"}
[debug] [2021-03-11T06:20:31.358Z] <<< HTTP RESPONSE 200 {"content-type":"application/json; charset=UTF-8","vary":"X-Origin, Referer, Origin,Accept-Encoding","date":"Thu, 11 Mar 2021 06:20:31 GMT","server":"ESF","cache-control":"private","x-xss-protection":"0","x-frame-options":"SAMEORIGIN","x-content-type-options":"nosniff","alt-svc":"h3-29=\":443\"; ma=2592000,h3-T051=\":443\"; ma=2592000,h3-Q050=\":443\"; ma=2592000,h3-Q046=\":443\"; ma=2592000,h3-Q043=\":443\"; ma=2592000,quic=\":443\"; ma=2592000; v=\"46,43\"","accept-ranges":"none","transfer-encoding":"chunked"}
[debug] [2021-03-11T06:20:33.332Z] >>> HTTP REQUEST GET https://cloudfunctions.googleapis.com/v1/operations/dmVudC13aXRoLXN0cmFuZ2Vycy0yYWNjNi91cy1jZW50cmFsMS9uZXdDb21tZW50TGlzdGVuZXIvRS1DOTJ1T0JkcHM  
 
[debug] [2021-03-11T06:20:33.338Z] >>> HTTP REQUEST GET https://cloudfunctions.googleapis.com/v1/operations/dmVudC13aXRoLXN0cmFuZ2Vycy0yYWNjNi91cy1jZW50cmFsMS9uZXdWZW50TGlrZUxpc3RlbmVyL20wb01ZdUNiNXlj  
 
[debug] [2021-03-11T06:20:33.339Z] >>> HTTP REQUEST GET https://cloudfunctions.googleapis.com/v1/operations/dmVudC13aXRoLXN0cmFuZ2Vycy0yYWNjNi91cy1jZW50cmFsMS9hcHAvYnJwYzIySlAwMm8  
 
[debug] [2021-03-11T06:20:33.342Z] >>> HTTP REQUEST GET https://cloudfunctions.googleapis.com/v1/operations/dmVudC13aXRoLXN0cmFuZ2Vycy0yYWNjNi91cy1jZW50cmFsMS9jcm9uVXBkYXRlU2l0ZW1hcC9HY2E1YWV5VEhDSQ  
 
[debug] [2021-03-11T06:20:33.354Z] >>> HTTP REQUEST GET https://cloudfunctions.googleapis.com/v1/operations/dmVudC13aXRoLXN0cmFuZ2Vycy0yYWNjNi91cy1jZW50cmFsMS9uZXdWZW50TGlzdGVuZXIvVEg4V0tjUlZ3Tjg  
 
[debug] [2021-03-11T06:20:33.362Z] >>> HTTP REQUEST GET https://cloudfunctions.googleapis.com/v1/operations/dmVudC13aXRoLXN0cmFuZ2Vycy0yYWNjNi91cy1jZW50cmFsMS91cGRhdGVkQ29udmVyc2F0aW9uTGlzdGVuZXIvVUtOQW5jU2JPT2s  
 
[debug] [2021-03-11T06:20:33.473Z] <<< HTTP RESPONSE 200 {"content-type":"application/json; charset=UTF-8","vary":"X-Origin, Referer, Origin,Accept-Encoding","date":"Thu, 11 Mar 2021 06:20:33 GMT","server":"ESF","cache-control":"private","x-xss-protection":"0","x-frame-options":"SAMEORIGIN","x-content-type-options":"nosniff","alt-svc":"h3-29=\":443\"; ma=2592000,h3-T051=\":443\"; ma=2592000,h3-Q050=\":443\"; ma=2592000,h3-Q046=\":443\"; ma=2592000,h3-Q043=\":443\"; ma=2592000,quic=\":443\"; ma=2592000; v=\"46,43\"","accept-ranges":"none","transfer-encoding":"chunked"}
[debug] [2021-03-11T06:20:33.479Z] <<< HTTP RESPONSE 200 {"content-type":"application/json; charset=UTF-8","vary":"X-Origin, Referer, Origin,Accept-Encoding","date":"Thu, 11 Mar 2021 06:20:33 GMT","server":"ESF","cache-control":"private","x-xss-protection":"0","x-frame-options":"SAMEORIGIN","x-content-type-options":"nosniff","alt-svc":"h3-29=\":443\"; ma=2592000,h3-T051=\":443\"; ma=2592000,h3-Q050=\":443\"; ma=2592000,h3-Q046=\":443\"; ma=2592000,h3-Q043=\":443\"; ma=2592000,quic=\":443\"; ma=2592000; v=\"46,43\"","accept-ranges":"none","transfer-encoding":"chunked"}
[debug] [2021-03-11T06:20:33.480Z] <<< HTTP RESPONSE 200 {"content-type":"application/json; charset=UTF-8","vary":"X-Origin, Referer, Origin,Accept-Encoding","date":"Thu, 11 Mar 2021 06:20:33 GMT","server":"ESF","cache-control":"private","x-xss-protection":"0","x-frame-options":"SAMEORIGIN","x-content-type-options":"nosniff","alt-svc":"h3-29=\":443\"; ma=2592000,h3-T051=\":443\"; ma=2592000,h3-Q050=\":443\"; ma=2592000,h3-Q046=\":443\"; ma=2592000,h3-Q043=\":443\"; ma=2592000,quic=\":443\"; ma=2592000; v=\"46,43\"","accept-ranges":"none","transfer-encoding":"chunked"}
[debug] [2021-03-11T06:20:33.482Z] <<< HTTP RESPONSE 200 {"content-type":"application/json; charset=UTF-8","vary":"X-Origin, Referer, Origin,Accept-Encoding","date":"Thu, 11 Mar 2021 06:20:33 GMT","server":"ESF","cache-control":"private","x-xss-protection":"0","x-frame-options":"SAMEORIGIN","x-content-type-options":"nosniff","alt-svc":"h3-29=\":443\"; ma=2592000,h3-T051=\":443\"; ma=2592000,h3-Q050=\":443\"; ma=2592000,h3-Q046=\":443\"; ma=2592000,h3-Q043=\":443\"; ma=2592000,quic=\":443\"; ma=2592000; v=\"46,43\"","accept-ranges":"none","transfer-encoding":"chunked"}
[debug] [2021-03-11T06:20:33.499Z] <<< HTTP RESPONSE 200 {"content-type":"application/json; charset=UTF-8","vary":"X-Origin, Referer, Origin,Accept-Encoding","date":"Thu, 11 Mar 2021 06:20:33 GMT","server":"ESF","cache-control":"private","x-xss-protection":"0","x-frame-options":"SAMEORIGIN","x-content-type-options":"nosniff","alt-svc":"h3-29=\":443\"; ma=2592000,h3-T051=\":443\"; ma=2592000,h3-Q050=\":443\"; ma=2592000,h3-Q046=\":443\"; ma=2592000,h3-Q043=\":443\"; ma=2592000,quic=\":443\"; ma=2592000; v=\"46,43\"","accept-ranges":"none","transfer-encoding":"chunked"}
[debug] [2021-03-11T06:20:33.509Z] <<< HTTP RESPONSE 200 {"content-type":"application/json; charset=UTF-8","vary":"X-Origin, Referer, Origin,Accept-Encoding","date":"Thu, 11 Mar 2021 06:20:33 GMT","server":"ESF","cache-control":"private","x-xss-protection":"0","x-frame-options":"SAMEORIGIN","x-content-type-options":"nosniff","alt-svc":"h3-29=\":443\"; ma=2592000,h3-T051=\":443\"; ma=2592000,h3-Q050=\":443\"; ma=2592000,h3-Q046=\":443\"; ma=2592000,h3-Q043=\":443\"; ma=2592000,quic=\":443\"; ma=2592000; v=\"46,43\"","accept-ranges":"none","transfer-encoding":"chunked"}
[debug] [2021-03-11T06:20:35.478Z] >>> HTTP REQUEST GET https://cloudfunctions.googleapis.com/v1/operations/dmVudC13aXRoLXN0cmFuZ2Vycy0yYWNjNi91cy1jZW50cmFsMS9hcHAvYnJwYzIySlAwMm8  
 
[debug] [2021-03-11T06:20:35.481Z] >>> HTTP REQUEST GET https://cloudfunctions.googleapis.com/v1/operations/dmVudC13aXRoLXN0cmFuZ2Vycy0yYWNjNi91cy1jZW50cmFsMS9jcm9uVXBkYXRlU2l0ZW1hcC9HY2E1YWV5VEhDSQ  
 
[debug] [2021-03-11T06:20:35.481Z] >>> HTTP REQUEST GET https://cloudfunctions.googleapis.com/v1/operations/dmVudC13aXRoLXN0cmFuZ2Vycy0yYWNjNi91cy1jZW50cmFsMS9uZXdWZW50TGlrZUxpc3RlbmVyL20wb01ZdUNiNXlj  
 
[debug] [2021-03-11T06:20:35.484Z] >>> HTTP REQUEST GET https://cloudfunctions.googleapis.com/v1/operations/dmVudC13aXRoLXN0cmFuZ2Vycy0yYWNjNi91cy1jZW50cmFsMS9uZXdDb21tZW50TGlzdGVuZXIvRS1DOTJ1T0JkcHM  
 
[debug] [2021-03-11T06:20:35.501Z] >>> HTTP REQUEST GET https://cloudfunctions.googleapis.com/v1/operations/dmVudC13aXRoLXN0cmFuZ2Vycy0yYWNjNi91cy1jZW50cmFsMS9uZXdWZW50TGlzdGVuZXIvVEg4V0tjUlZ3Tjg  
 
[debug] [2021-03-11T06:20:35.512Z] >>> HTTP REQUEST GET https://cloudfunctions.googleapis.com/v1/operations/dmVudC13aXRoLXN0cmFuZ2Vycy0yYWNjNi91cy1jZW50cmFsMS91cGRhdGVkQ29udmVyc2F0aW9uTGlzdGVuZXIvVUtOQW5jU2JPT2s  
 
[debug] [2021-03-11T06:20:35.634Z] <<< HTTP RESPONSE 200 {"content-type":"application/json; charset=UTF-8","vary":"X-Origin, Referer, Origin,Accept-Encoding","date":"Thu, 11 Mar 2021 06:20:35 GMT","server":"ESF","cache-control":"private","x-xss-protection":"0","x-frame-options":"SAMEORIGIN","x-content-type-options":"nosniff","alt-svc":"h3-29=\":443\"; ma=2592000,h3-T051=\":443\"; ma=2592000,h3-Q050=\":443\"; ma=2592000,h3-Q046=\":443\"; ma=2592000,h3-Q043=\":443\"; ma=2592000,quic=\":443\"; ma=2592000; v=\"46,43\"","accept-ranges":"none","transfer-encoding":"chunked"}
[debug] [2021-03-11T06:20:35.636Z] <<< HTTP RESPONSE 200 {"content-type":"application/json; charset=UTF-8","vary":"X-Origin, Referer, Origin,Accept-Encoding","date":"Thu, 11 Mar 2021 06:20:35 GMT","server":"ESF","cache-control":"private","x-xss-protection":"0","x-frame-options":"SAMEORIGIN","x-content-type-options":"nosniff","alt-svc":"h3-29=\":443\"; ma=2592000,h3-T051=\":443\"; ma=2592000,h3-Q050=\":443\"; ma=2592000,h3-Q046=\":443\"; ma=2592000,h3-Q043=\":443\"; ma=2592000,quic=\":443\"; ma=2592000; v=\"46,43\"","accept-ranges":"none","transfer-encoding":"chunked"}
[debug] [2021-03-11T06:20:35.637Z] <<< HTTP RESPONSE 200 {"content-type":"application/json; charset=UTF-8","vary":"X-Origin, Referer, Origin,Accept-Encoding","date":"Thu, 11 Mar 2021 06:20:35 GMT","server":"ESF","cache-control":"private","x-xss-protection":"0","x-frame-options":"SAMEORIGIN","x-content-type-options":"nosniff","alt-svc":"h3-29=\":443\"; ma=2592000,h3-T051=\":443\"; ma=2592000,h3-Q050=\":443\"; ma=2592000,h3-Q046=\":443\"; ma=2592000,h3-Q043=\":443\"; ma=2592000,quic=\":443\"; ma=2592000; v=\"46,43\"","accept-ranges":"none","transfer-encoding":"chunked"}
[debug] [2021-03-11T06:20:35.650Z] <<< HTTP RESPONSE 200 {"content-type":"application/json; charset=UTF-8","vary":"X-Origin, Referer, Origin,Accept-Encoding","date":"Thu, 11 Mar 2021 06:20:35 GMT","server":"ESF","cache-control":"private","x-xss-protection":"0","x-frame-options":"SAMEORIGIN","x-content-type-options":"nosniff","alt-svc":"h3-29=\":443\"; ma=2592000,h3-T051=\":443\"; ma=2592000,h3-Q050=\":443\"; ma=2592000,h3-Q046=\":443\"; ma=2592000,h3-Q043=\":443\"; ma=2592000,quic=\":443\"; ma=2592000; v=\"46,43\"","accept-ranges":"none","transfer-encoding":"chunked"}
[debug] [2021-03-11T06:20:35.654Z] <<< HTTP RESPONSE 200 {"content-type":"application/json; charset=UTF-8","vary":"X-Origin, Referer, Origin,Accept-Encoding","date":"Thu, 11 Mar 2021 06:20:35 GMT","server":"ESF","cache-control":"private","x-xss-protection":"0","x-frame-options":"SAMEORIGIN","x-content-type-options":"nosniff","alt-svc":"h3-29=\":443\"; ma=2592000,h3-T051=\":443\"; ma=2592000,h3-Q050=\":443\"; ma=2592000,h3-Q046=\":443\"; ma=2592000,h3-Q043=\":443\"; ma=2592000,quic=\":443\"; ma=2592000; v=\"46,43\"","accept-ranges":"none","transfer-encoding":"chunked"}
[debug] [2021-03-11T06:20:35.663Z] <<< HTTP RESPONSE 200 {"content-type":"application/json; charset=UTF-8","vary":"X-Origin, Referer, Origin,Accept-Encoding","date":"Thu, 11 Mar 2021 06:20:35 GMT","server":"ESF","cache-control":"private","x-xss-protection":"0","x-frame-options":"SAMEORIGIN","x-content-type-options":"nosniff","alt-svc":"h3-29=\":443\"; ma=2592000,h3-T051=\":443\"; ma=2592000,h3-Q050=\":443\"; ma=2592000,h3-Q046=\":443\"; ma=2592000,h3-Q043=\":443\"; ma=2592000,quic=\":443\"; ma=2592000; v=\"46,43\"","accept-ranges":"none","transfer-encoding":"chunked"}
[debug] [2021-03-11T06:20:37.645Z] >>> HTTP REQUEST GET https://cloudfunctions.googleapis.com/v1/operations/dmVudC13aXRoLXN0cmFuZ2Vycy0yYWNjNi91cy1jZW50cmFsMS9jcm9uVXBkYXRlU2l0ZW1hcC9HY2E1YWV5VEhDSQ  
 
[debug] [2021-03-11T06:20:37.647Z] >>> HTTP REQUEST GET https://cloudfunctions.googleapis.com/v1/operations/dmVudC13aXRoLXN0cmFuZ2Vycy0yYWNjNi91cy1jZW50cmFsMS9hcHAvYnJwYzIySlAwMm8  
 
[debug] [2021-03-11T06:20:37.648Z] >>> HTTP REQUEST GET https://cloudfunctions.googleapis.com/v1/operations/dmVudC13aXRoLXN0cmFuZ2Vycy0yYWNjNi91cy1jZW50cmFsMS9uZXdWZW50TGlrZUxpc3RlbmVyL20wb01ZdUNiNXlj  
 
[debug] [2021-03-11T06:20:37.657Z] >>> HTTP REQUEST GET https://cloudfunctions.googleapis.com/v1/operations/dmVudC13aXRoLXN0cmFuZ2Vycy0yYWNjNi91cy1jZW50cmFsMS9uZXdWZW50TGlzdGVuZXIvVEg4V0tjUlZ3Tjg  
 
[debug] [2021-03-11T06:20:37.658Z] >>> HTTP REQUEST GET https://cloudfunctions.googleapis.com/v1/operations/dmVudC13aXRoLXN0cmFuZ2Vycy0yYWNjNi91cy1jZW50cmFsMS91cGRhdGVkQ29udmVyc2F0aW9uTGlzdGVuZXIvVUtOQW5jU2JPT2s  
 
[debug] [2021-03-11T06:20:37.664Z] >>> HTTP REQUEST GET https://cloudfunctions.googleapis.com/v1/operations/dmVudC13aXRoLXN0cmFuZ2Vycy0yYWNjNi91cy1jZW50cmFsMS9uZXdDb21tZW50TGlzdGVuZXIvRS1DOTJ1T0JkcHM  
 
[debug] [2021-03-11T06:20:37.786Z] <<< HTTP RESPONSE 200 {"content-type":"application/json; charset=UTF-8","vary":"X-Origin, Referer, Origin,Accept-Encoding","date":"Thu, 11 Mar 2021 06:20:37 GMT","server":"ESF","cache-control":"private","x-xss-protection":"0","x-frame-options":"SAMEORIGIN","x-content-type-options":"nosniff","alt-svc":"h3-29=\":443\"; ma=2592000,h3-T051=\":443\"; ma=2592000,h3-Q050=\":443\"; ma=2592000,h3-Q046=\":443\"; ma=2592000,h3-Q043=\":443\"; ma=2592000,quic=\":443\"; ma=2592000; v=\"46,43\"","accept-ranges":"none","transfer-encoding":"chunked"}
[debug] [2021-03-11T06:20:37.790Z] <<< HTTP RESPONSE 200 {"content-type":"application/json; charset=UTF-8","vary":"X-Origin, Referer, Origin,Accept-Encoding","date":"Thu, 11 Mar 2021 06:20:37 GMT","server":"ESF","cache-control":"private","x-xss-protection":"0","x-frame-options":"SAMEORIGIN","x-content-type-options":"nosniff","alt-svc":"h3-29=\":443\"; ma=2592000,h3-T051=\":443\"; ma=2592000,h3-Q050=\":443\"; ma=2592000,h3-Q046=\":443\"; ma=2592000,h3-Q043=\":443\"; ma=2592000,quic=\":443\"; ma=2592000; v=\"46,43\"","accept-ranges":"none","transfer-encoding":"chunked"}
[debug] [2021-03-11T06:20:37.798Z] <<< HTTP RESPONSE 200 {"content-type":"application/json; charset=UTF-8","vary":"X-Origin, Referer, Origin,Accept-Encoding","date":"Thu, 11 Mar 2021 06:20:37 GMT","server":"ESF","cache-control":"private","x-xss-protection":"0","x-frame-options":"SAMEORIGIN","x-content-type-options":"nosniff","alt-svc":"h3-29=\":443\"; ma=2592000,h3-T051=\":443\"; ma=2592000,h3-Q050=\":443\"; ma=2592000,h3-Q046=\":443\"; ma=2592000,h3-Q043=\":443\"; ma=2592000,quic=\":443\"; ma=2592000; v=\"46,43\"","accept-ranges":"none","transfer-encoding":"chunked"}
[debug] [2021-03-11T06:20:37.800Z] <<< HTTP RESPONSE 200 {"content-type":"application/json; charset=UTF-8","vary":"X-Origin, Referer, Origin,Accept-Encoding","date":"Thu, 11 Mar 2021 06:20:37 GMT","server":"ESF","cache-control":"private","x-xss-protection":"0","x-frame-options":"SAMEORIGIN","x-content-type-options":"nosniff","alt-svc":"h3-29=\":443\"; ma=2592000,h3-T051=\":443\"; ma=2592000,h3-Q050=\":443\"; ma=2592000,h3-Q046=\":443\"; ma=2592000,h3-Q043=\":443\"; ma=2592000,quic=\":443\"; ma=2592000; v=\"46,43\"","accept-ranges":"none","transfer-encoding":"chunked"}
[debug] [2021-03-11T06:20:37.802Z] <<< HTTP RESPONSE 200 {"content-type":"application/json; charset=UTF-8","vary":"X-Origin, Referer, Origin,Accept-Encoding","date":"Thu, 11 Mar 2021 06:20:37 GMT","server":"ESF","cache-control":"private","x-xss-protection":"0","x-frame-options":"SAMEORIGIN","x-content-type-options":"nosniff","alt-svc":"h3-29=\":443\"; ma=2592000,h3-T051=\":443\"; ma=2592000,h3-Q050=\":443\"; ma=2592000,h3-Q046=\":443\"; ma=2592000,h3-Q043=\":443\"; ma=2592000,quic=\":443\"; ma=2592000; v=\"46,43\"","accept-ranges":"none","transfer-encoding":"chunked"}
[debug] [2021-03-11T06:20:37.840Z] <<< HTTP RESPONSE 200 {"content-type":"application/json; charset=UTF-8","vary":"X-Origin, Referer, Origin,Accept-Encoding","date":"Thu, 11 Mar 2021 06:20:37 GMT","server":"ESF","cache-control":"private","x-xss-protection":"0","x-frame-options":"SAMEORIGIN","x-content-type-options":"nosniff","alt-svc":"h3-29=\":443\"; ma=2592000,h3-T051=\":443\"; ma=2592000,h3-Q050=\":443\"; ma=2592000,h3-Q046=\":443\"; ma=2592000,h3-Q043=\":443\"; ma=2592000,quic=\":443\"; ma=2592000; v=\"46,43\"","accept-ranges":"none","transfer-encoding":"chunked"}
